2023-05-18 09:00:28 Loading plan P5W3 adding Mauritius.xlsx_sheet_Update Plan Reading process: Done
2023-05-18 09:00:28 Loading plan P5W3 adding Mauritius.xlsx_sheet_PF Reading process: Done
2023-05-18 09:00:28 sheet_Update Plan Cleaning process: Done
2023-05-18 09:00:28 sheet_Sales Doc. Cleaning process: Done
2023-05-18 09:00:32 Load plan P5W4 adding USA.xlsx_sheet_Update Plan Reading process: Done
2023-05-18 09:00:33 Load plan P5W4 adding USA.xlsx_sheet_PF Reading process: Done
2023-05-18 09:00:33 sheet_Period Cleaning process: Done
2023-05-18 09:00:33 sheet_Sales Doc. Cleaning process: Done
2023-05-18 09:04:52 Loading plan P5W3 adding Mauritius.xlsx_sheet_Update Plan Reading process: Done
2023-05-18 09:04:52 Loading plan P5W3 adding Mauritius.xlsx_sheet_PF Reading process: Done
2023-05-18 09:04:52 sheet_Update Plan Cleaning process: Done
2023-05-18 09:04:52 sheet_Sales Doc. Cleaning process: Done
2023-05-18 09:04:56 Load plan P5W4 adding USA.xlsx_sheet_Update Plan Reading process: Done
2023-05-18 09:04:57 Load plan P5W4 adding USA.xlsx_sheet_PF Reading process: Done
2023-05-18 09:04:57 sheet_Period Cleaning process: Done
2023-05-18 09:04:57 sheet_Sales Doc. Cleaning process: Done
2023-05-18 09:33:42 Loading plan P5W3 adding Mauritius.xlsx_sheet_Update Plan Reading process: Done
2023-05-18 09:33:42 Loading plan P5W3 adding Mauritius.xlsx_sheet_PF Reading process: Done
2023-05-18 09:33:42 sheet_Update Plan Cleaning process: Done
2023-05-18 09:33:42 sheet_Sales Doc. Cleaning process: Done
2023-05-18 09:33:43 Loading plan P6W1 USA market.xlsx_sheet_Update Plan Reading process: Done
2023-05-18 09:33:43 Loading plan P6W1 USA market.xlsx_sheet_PF Reading process: Done
2023-05-18 09:33:43 sheet_Period Cleaning process: Done
2023-05-18 09:33:43 sheet_Sales Doc. Cleaning process: Done
2023-05-18 09:40:58 Loading plan P5W3 adding Mauritius.xlsx_sheet_Update Plan Reading process: Done
2023-05-18 09:40:58 Loading plan P5W3 adding Mauritius.xlsx_sheet_PF Reading process: Done
2023-05-18 09:40:58 sheet_Update Plan Cleaning process: Done
2023-05-18 09:40:58 sheet_Sales Doc. Cleaning process: Done
2023-05-18 09:40:59 P6W1 Loading Plan.xlsx_sheet_Update Plan Reading process: Done
2023-05-18 09:40:59 P6W1 Loading Plan.xlsx_sheet_PF Reading process: Done
2023-05-18 09:40:59 sheet_Period Cleaning process: Done
2023-05-18 09:40:59 sheet_Sales Doc. Cleaning process: Done
2023-05-18 10:53:13 Loading plan P5W3 adding Mauritius.xlsx_sheet_Update Plan Reading process: Done
2023-05-18 10:53:13 Loading plan P5W3 adding Mauritius.xlsx_sheet_PF Reading process: Done
2023-05-18 11:12:40 Loading plan P5W3 adding Mauritius.xlsx_sheet_Update Plan Reading process: Done
2023-05-18 11:12:41 Loading plan P5W3 adding Mauritius.xlsx_sheet_PF Reading process: Done
2023-05-18 11:13:27 sheet_Update Plan Cleaning process: Done
2023-05-18 11:13:27 sheet_Sales Doc. Cleaning process: Done
2023-05-18 11:13:31 P6W1 Loading Plan.xlsx_sheet_Update Plan Reading process: Done
2023-05-18 11:13:31 P6W1 Loading Plan.xlsx_sheet_PF Reading process: Done
2023-05-18 11:13:31 sheet_Period Cleaning process: Done
2023-05-18 11:13:31 sheet_Sales Doc. Cleaning process: Done
2023-05-18 11:14:33 Loading plan P5W3 adding Mauritius.xlsx_sheet_Update Plan Reading process: Done
2023-05-18 11:14:34 Loading plan P5W3 adding Mauritius.xlsx_sheet_PF Reading process: Done
2023-05-18 11:14:34 sheet_Update Plan Cleaning process: Done
2023-05-18 11:16:12 Loading plan P5W3 adding Mauritius.xlsx_sheet_Update Plan Reading process: Done
2023-05-18 11:16:13 Loading plan P5W3 adding Mauritius.xlsx_sheet_PF Reading process: Done
2023-05-18 11:16:13 sheet_Update Plan Cleaning process: Done
2023-05-18 11:16:21 sheet_PF Cleaning process: Done
2023-05-18 11:16:55 P6W1 Loading Plan.xlsx_sheet_Update Plan Reading process: Done
2023-05-18 11:16:56 P6W1 Loading Plan.xlsx_sheet_PF Reading process: Done
2023-05-18 11:16:56 sheet_Update Plan Cleaning process: Done
2023-05-18 11:17:25 sheet_PF Cleaning process: Done
2023-05-18 11:19:33 Loading plan P5W3 adding Mauritius.xlsx_sheet_Update Plan Reading process: Done
2023-05-18 11:19:34 Loading plan P5W3 adding Mauritius.xlsx_sheet_PF Reading process: Done
2023-05-18 11:19:34 sheet_Update Plan Cleaning process: Done
2023-05-18 11:20:04 sheet_PF Cleaning process: Done
2023-05-18 11:20:08 P6W1 Loading Plan.xlsx_sheet_Update Plan Reading process: Done
2023-05-18 11:20:09 P6W1 Loading Plan.xlsx_sheet_PF Reading process: Done
2023-05-18 11:20:09 sheet_Update Plan Cleaning process: Done
2023-05-18 11:23:20 sheet_PF Cleaning process: Done
2023-05-18 11:43:28 Loading plan P5W3 adding Mauritius.xlsx_sheet_Update Plan Reading process: Done
2023-05-18 11:43:29 Loading plan P5W3 adding Mauritius.xlsx_sheet_PF Reading process: Done
2023-05-18 11:43:29 sheet_Update Plan Cleaning process: Done
2023-05-18 11:47:27 Loading plan P5W3 adding Mauritius.xlsx_sheet_Update Plan Reading process: Done
2023-05-18 11:47:28 Loading plan P5W3 adding Mauritius.xlsx_sheet_PF Reading process: Done
2023-05-18 11:47:28 sheet_Update Plan Cleaning process: Done
2023-05-18 11:48:24 Loading plan P5W3 adding Mauritius.xlsx_sheet_Update Plan Reading process: Done
2023-05-18 11:48:25 Loading plan P5W3 adding Mauritius.xlsx_sheet_PF Reading process: Done
2023-05-18 11:48:25 sheet_Update Plan Cleaning process: Done
2023-05-18 11:49:23 Loading plan P5W3 adding Mauritius.xlsx_sheet_Update Plan Reading process: Done
2023-05-18 11:49:24 Loading plan P5W3 adding Mauritius.xlsx_sheet_PF Reading process: Done
2023-05-18 11:49:24 sheet_Update Plan Cleaning process: Done
2023-05-18 11:49:33 sheet_PF Cleaning process: Done
2023-05-18 11:49:37 P6W1 Loading Plan.xlsx_sheet_Update Plan Reading process: Done
2023-05-18 11:49:37 P6W1 Loading Plan.xlsx_sheet_PF Reading process: Done
2023-05-18 11:49:37 sheet_Update Plan Cleaning process: Done
2023-05-18 12:08:23 Loading plan P5W3 adding Mauritius.xlsx_sheet_Update Plan Reading process: Done
2023-05-18 12:08:23 Loading plan P5W3 adding Mauritius.xlsx_sheet_PF Reading process: Done
2023-05-18 12:08:43 Loading plan P5W3 adding Mauritius.xlsx_sheet_Update Plan Reading process: Done
2023-05-18 12:08:43 Loading plan P5W3 adding Mauritius.xlsx_sheet_PF Reading process: Done
2023-05-18 12:08:43 sheet_Update Plan Cleaning process: Done
2023-05-18 12:08:43 sheet_PF Cleaning process: Done
2023-05-18 12:08:47 P6W1 Loading Plan.xlsx_sheet_Update Plan Reading process: Done
2023-05-18 12:08:48 P6W1 Loading Plan.xlsx_sheet_PF Reading process: Done
2023-05-18 12:08:48 sheet_Update Plan Cleaning process: Done
2023-05-18 12:08:48 sheet_PF Cleaning process: Done
2023-05-18 12:17:26 Loading plan P5W3 adding Mauritius.xlsx_sheet_Update Plan Reading process: Done
2023-05-18 12:17:26 Loading plan P5W3 adding Mauritius.xlsx_sheet_PF Reading process: Done
2023-05-18 12:18:52 Loading plan P5W3 adding Mauritius.xlsx_sheet_Update Plan Reading process: Done
2023-05-18 12:18:52 Loading plan P5W3 adding Mauritius.xlsx_sheet_PF Reading process: Done
2023-05-18 12:21:09 Loading plan P5W3 adding Mauritius.xlsx_sheet_Update Plan Reading process: Done
2023-05-18 12:21:09 Loading plan P5W3 adding Mauritius.xlsx_sheet_PF Reading process: Done
2023-05-18 12:21:09 sheet_Update Plan Cleaning process: Done
2023-05-18 12:21:09 sheet_PF Cleaning process: Done
2023-05-18 12:21:10 P6W1 Loading Plan.xlsx_sheet_Update Plan Reading process: Done
2023-05-18 12:21:10 P6W1 Loading Plan.xlsx_sheet_PF Reading process: Done
2023-05-18 12:21:10 sheet_Update Plan Cleaning process: Done
2023-05-18 12:21:10 sheet_PF Cleaning process: Done
2023-05-18 12:22:22 Loading plan P5W3 adding Mauritius.xlsx_sheet_Update Plan Reading process: Done
2023-05-18 12:22:22 Loading plan P5W3 adding Mauritius.xlsx_sheet_PF Reading process: Done
2023-05-18 12:22:22 sheet_Update Plan Cleaning process: Done
2023-05-18 12:22:22 sheet_PF Cleaning process: Done
2023-05-18 12:22:23 P6W1 Loading Plan.xlsx_sheet_Update Plan Reading process: Done
2023-05-18 12:22:23 P6W1 Loading Plan.xlsx_sheet_PF Reading process: Done
2023-05-18 12:22:23 sheet_Update Plan Cleaning process: Done
2023-05-18 12:22:23 sheet_PF Cleaning process: Done
2023-05-18 12:24:04 customer_receive_process process start
2023-05-18 12:24:04 ./Download Exploring process: Done
2023-05-18 12:24:04 Load plan P5W4 adding USA.xlsx Create batch ID: Done
2023-05-18 12:24:05 Load plan P5W4 adding USA.xlsx_sheet_Update Plan Reading process: Done
2023-05-18 12:24:05 sheet_Update Plan Cleaning process: Done
2023-05-18 12:24:05 Process_Load plan P5W4 adding USA.xlsx_sheet_Update Plan Error: ['Total Case', 'Diff'] not in index
2023-05-18 12:24:07 Batch_no_059a0008-5024-4116-8dd8-82741e6a40a4 Delete row process: Done
2023-05-18 12:24:07 Process_Load plan P5W4 adding USA.xlsx_fail mave Load plan P5W4 adding USA.xlsx to fail folder
2023-05-18 12:24:07 customer_receive_process process end
2023-05-18 12:25:36 customer_receive_process process start
2023-05-18 12:25:36 ./Download Exploring process: Done
2023-05-18 12:25:36 Load plan P5W4 adding USA.xlsx Create batch ID: Done
2023-05-18 12:25:38 Load plan P5W4 adding USA.xlsx_sheet_Update Plan Reading process: Done
2023-05-18 12:25:38 sheet_Update Plan Cleaning process: Done
2023-05-18 12:25:38 SQL_rcv_customer_booking_table Insert to SQL process: Done
2023-05-18 12:25:38 Load plan P5W4 adding USA.xlsx_sheet_PF Reading process: Done
2023-05-18 12:25:38 sheet_PF Cleaning process: Done
2023-05-18 12:25:40 SQL_rcv_customer_invoice_table Insert to SQL process: Done
2023-05-18 12:25:40 Process_Load plan P5W4 adding USA.xlsx_success move Load plan P5W4 adding USA.xlsx to success folder
2023-05-18 12:25:41 customer_receive_process process end
2023-05-18 13:32:01 customer_receive_process process start
2023-05-18 13:32:01 ./Download Exploring process: Done
2023-05-18 13:32:01 Load plan P5W4 adding USA.xlsx Create batch ID: Done
2023-05-18 13:32:02 Load plan P5W4 adding USA.xlsx_sheet_Update Plan Reading process: Done
2023-05-18 13:32:02 sheet_Update Plan Cleaning process: Done
2023-05-18 13:32:03 SQL_rcv_customer_booking_table Insert to SQL process: Done
2023-05-18 13:32:03 Load plan P5W4 adding USA.xlsx_sheet_PF Reading process: Done
2023-05-18 13:32:03 sheet_PF Cleaning process: Done
2023-05-18 13:32:05 SQL_rcv_customer_invoice_table Insert to SQL process: Done
2023-05-18 13:32:05 Process_Load plan P5W4 adding USA.xlsx_success move Load plan P5W4 adding USA.xlsx to success folder
2023-05-18 13:32:05 Loading plan P5W3 adding Mauritius.xlsx Create batch ID: Done
2023-05-18 13:32:05 Loading plan P5W3 adding Mauritius.xlsx_sheet_Update Plan Reading process: Done
2023-05-18 13:32:05 sheet_Update Plan Cleaning process: Done
2023-05-18 13:32:06 SQL_rcv_customer_booking_table Insert to SQL process: Done
2023-05-18 13:32:06 Loading plan P5W3 adding Mauritius.xlsx_sheet_PF Reading process: Done
2023-05-18 13:32:06 sheet_PF Cleaning process: Done
2023-05-18 13:32:07 SQL_rcv_customer_invoice_table Insert to SQL process: Done
2023-05-18 13:32:07 Process_Loading plan P5W3 adding Mauritius.xlsx_success move Loading plan P5W3 adding Mauritius.xlsx to success folder
2023-05-18 13:32:07 Loading plan P6W1 UAE market.xlsx Create batch ID: Done
2023-05-18 13:32:08 Loading plan P6W1 UAE market.xlsx_sheet_Update Plan Reading process: Done
2023-05-18 13:32:08 sheet_Update Plan Cleaning process: Done
2023-05-18 13:32:08 SQL_rcv_customer_booking_table Insert to SQL process: Done
2023-05-18 13:32:08 Loading plan P6W1 UAE market.xlsx_sheet_PF Reading process: Done
2023-05-18 13:32:08 sheet_PF Cleaning process: Done
2023-05-18 13:32:09 SQL_rcv_customer_invoice_table Insert to SQL process: Done
2023-05-18 13:32:09 Process_Loading plan P6W1 UAE market.xlsx_success move Loading plan P6W1 UAE market.xlsx to success folder
2023-05-18 13:32:09 Loading plan P6W1 USA market.xlsx Create batch ID: Done
2023-05-18 13:32:10 Loading plan P6W1 USA market.xlsx_sheet_Update Plan Reading process: Done
2023-05-18 13:32:10 sheet_Update Plan Cleaning process: Done
2023-05-18 13:32:10 SQL_rcv_customer_booking_table Insert to SQL process: Done
2023-05-18 13:32:10 Loading plan P6W1 USA market.xlsx_sheet_PF Reading process: Done
2023-05-18 13:32:10 sheet_PF Cleaning process: Done
2023-05-18 13:32:10 SQL_rcv_customer_invoice_table Insert to SQL process: Done
2023-05-18 13:32:10 Process_Loading plan P6W1 USA market.xlsx_success move Loading plan P6W1 USA market.xlsx to success folder
2023-05-18 13:32:10 P6W1 Loading Plan.xlsx Create batch ID: Done
2023-05-18 13:32:11 P6W1 Loading Plan.xlsx_sheet_Update Plan Reading process: Done
2023-05-18 13:32:11 sheet_Update Plan Cleaning process: Done
2023-05-18 13:32:12 SQL_rcv_customer_booking_table Insert to SQL process: Done
2023-05-18 13:32:12 P6W1 Loading Plan.xlsx_sheet_PF Reading process: Done
2023-05-18 13:32:12 sheet_PF Cleaning process: Done
2023-05-18 13:32:13 SQL_rcv_customer_invoice_table Insert to SQL process: Done
2023-05-18 13:32:13 Process_P6W1 Loading Plan.xlsx_success move P6W1 Loading Plan.xlsx to success folder
2023-05-18 13:32:13 customer_receive_process process end
2023-05-18 15:44:02 customer_receive_process process start
2023-05-18 15:44:06 Read_email : Done
2023-05-18 15:44:06 ./Download Exploring process: Done
2023-05-18 15:44:06 2023-05-18_15-44-4_Loading plan P6W1.xlsx Create batch ID: Done
2023-05-18 15:44:07 2023-05-18_15-44-4_Loading plan P6W1.xlsx_sheet_Update Plan Reading process: Done
2023-05-18 15:44:07 sheet_Update Plan Cleaning process: Done
2023-05-18 15:44:09 SQL_rcv_customer_booking_table Insert to SQL process: Done
2023-05-18 15:44:09 2023-05-18_15-44-4_Loading plan P6W1.xlsx_sheet_PF Reading process: Done
2023-05-18 15:44:09 sheet_PF Cleaning process: Done
2023-05-18 15:44:11 SQL_rcv_customer_invoice_table Insert to SQL process: Done
2023-05-18 15:44:11 Process_2023-05-18_15-44-4_Loading plan P6W1.xlsx_success move 2023-05-18_15-44-4_Loading plan P6W1.xlsx to success folder
2023-05-18 15:44:11 customer_receive_process process end
2023-05-18 16:34:30 Loading plan P5W3 adding Mauritius.xlsx_sheet_Update Plan Reading process: Done
2023-05-18 16:34:30 Loading plan P5W3 adding Mauritius.xlsx_sheet_PF Reading process: Done
2023-05-18 16:34:30 sheet_Update Plan Cleaning process: Done
2023-05-18 16:34:30 sheet_PF Cleaning process: Done
2023-05-18 16:34:31 P6W1 Loading Plan.xlsx_sheet_Update Plan Reading process: Done
2023-05-18 16:34:31 P6W1 Loading Plan.xlsx_sheet_PF Reading process: Done
2023-05-18 16:34:31 sheet_Update Plan Cleaning process: Done
2023-05-18 16:34:31 sheet_PF Cleaning process: Done
2023-05-18 17:19:15 customer_receive_process process start
2023-05-18 17:19:16 Read_email : Done
2023-05-18 19:53:51 customer_receive_process process start
2023-05-18 19:53:56 Read_email : Done
2023-05-18 19:53:56 ./mail Exploring process: Done
2023-05-18 19:53:56 2023-05-18_19-53-54_Loading plan P6W1 (2).xlsx Create batch ID: Done
2023-05-18 19:53:57 2023-05-18_19-53-54_Loading plan P6W1 (2).xlsx_sheet_Update Plan Reading process: Done
2023-05-18 19:53:57 sheet_Update Plan Cleaning process: Done
2023-05-18 19:53:59 SQL_rcv_customer_booking_table Insert to SQL process: Done
2023-05-18 19:53:59 2023-05-18_19-53-54_Loading plan P6W1 (2).xlsx_sheet_PF Reading process: Done
2023-05-18 19:53:59 sheet_PF Cleaning process: Done
2023-05-18 19:54:00 SQL_rcv_customer_invoice_table Insert to SQL process: Done
2023-05-18 19:54:00 Process_2023-05-18_19-53-54_Loading plan P6W1 (2).xlsx_success move 2023-05-18_19-53-54_Loading plan P6W1 (2).xlsx to success folder
2023-05-18 19:54:00 example_Loading_Plan_fail.xlsx Create batch ID: Done
2023-05-18 19:54:00 example_Loading_Plan_fail.xlsx_sheet_Update Plan Reading process: Done
2023-05-18 19:54:00 sheet_Update Plan Cleaning process: Done
2023-05-18 19:54:01 SQL_rcv_customer_booking_table Insert to SQL process: Done
2023-05-18 19:54:01 example_Loading_Plan_fail.xlsx_sheet_PF Reading process: Done
2023-05-18 19:54:01 Process_example_Loading_Plan_fail.xlsx_sheet_PF Error: Material
2023-05-18 19:54:02 Batch_no_b7a413d0-e537-4d5c-8744-db37f42f41f3 Delete row process: Done
2023-05-18 19:54:02 Process_example_Loading_Plan_fail.xlsx_fail mave example_Loading_Plan_fail.xlsx to fail folder
2023-05-18 19:54:02 customer_receive_process process end in 11.2270 seconds
