2023-06-01 10:13:33 customer_receive_process process start
2023-06-01 10:13:59 download_attachment Done
2023-06-01 10:13:59 ./mail Exploring process: Done
2023-06-01 10:14:02 2023-06-01_10-13-36_Loading plan P6W3 Adding German.xlsx_sheet_Update Plan Reading process: Done
2023-06-01 10:14:02 sheet_Update Plan Cleaning process: Done
2023-06-01 10:14:03 SQL_rcv_customer_booking_table Insert to SQL process: (pyodbc.InterfaceError) ('28000', '[28000] [Microsoft][ODBC Driver 17 for SQL Server][SQL Server]Login failed for user \'stepdev\'. (18456) (SQLDriverConnect); [28000] [Microsoft][ODBC Driver 17 for SQL Server][SQL Server]Cannot open database "LSP_Integration" requested by the login. The login failed. (4060); [28000] [Microsoft][ODBC Driver 17 for SQL Server][SQL Server]Login failed for user \'stepdev\'. (18456); [28000] [Microsoft][ODBC Driver 17 for SQL Server][SQL Server]Cannot open database "LSP_Integration" requested by the login. The login failed. (4060)')
2023-06-01 10:14:03 2023-06-01_10-13-36_Loading plan P6W3 Adding German.xlsx_sheet_PF Reading process: Done
2023-06-01 10:14:03 sheet_PF Cleaning process: Done
2023-06-01 10:14:03 SQL_rcv_customer_invoice_table Insert to SQL process: (pyodbc.InterfaceError) ('28000', '[28000] [Microsoft][ODBC Driver 17 for SQL Server][SQL Server]Login failed for user \'stepdev\'. (18456) (SQLDriverConnect); [28000] [Microsoft][ODBC Driver 17 for SQL Server][SQL Server]Cannot open database "LSP_Integration" requested by the login. The login failed. (4060); [28000] [Microsoft][ODBC Driver 17 for SQL Server][SQL Server]Login failed for user \'stepdev\'. (18456); [28000] [Microsoft][ODBC Driver 17 for SQL Server][SQL Server]Cannot open database "LSP_Integration" requested by the login. The login failed. (4060)')
2023-06-01 10:14:03 Write to batch table (pyodbc.InterfaceError) ('28000', '[28000] [Microsoft][ODBC Driver 17 for SQL Server][SQL Server]Login failed for user \'stepdev\'. (18456) (SQLDriverConnect); [28000] [Microsoft][ODBC Driver 17 for SQL Server][SQL Server]Cannot open database "LSP_Integration" requested by the login. The login failed. (4060); [28000] [Microsoft][ODBC Driver 17 for SQL Server][SQL Server]Login failed for user \'stepdev\'. (18456); [28000] [Microsoft][ODBC Driver 17 for SQL Server][SQL Server]Cannot open database "LSP_Integration" requested by the login. The login failed. (4060)')
2023-06-01 10:14:03 Batch_no_6a4a4b9c-9260-4c30-baf2-e946be2e80e8 Delete row process: (pyodbc.InterfaceError) ('28000', '[28000] [Microsoft][ODBC Driver 17 for SQL Server][SQL Server]Login failed for user \'stepdev\'. (18456) (SQLDriverConnect); [28000] [Microsoft][ODBC Driver 17 for SQL Server][SQL Server]Cannot open database "LSP_Integration" requested by the login. The login failed. (4060); [28000] [Microsoft][ODBC Driver 17 for SQL Server][SQL Server]Login failed for user \'stepdev\'. (18456); [28000] [Microsoft][ODBC Driver 17 for SQL Server][SQL Server]Cannot open database "LSP_Integration" requested by the login. The login failed. (4060)')
2023-06-01 10:14:03 Move file 2023-06-01_10-13-36_Loading plan P6W3 Adding German.xlsx to ./mail/fail Done
2023-06-01 10:14:04 2023-06-01_10-13-39_P6W3 Loading Plan (1).xlsx_sheet_Update Plan Reading process: Done
2023-06-01 10:14:04 sheet_Update Plan Cleaning process: Done
2023-06-01 10:14:04 SQL_rcv_customer_booking_table Insert to SQL process: (pyodbc.InterfaceError) ('28000', '[28000] [Microsoft][ODBC Driver 17 for SQL Server][SQL Server]Login failed for user \'stepdev\'. (18456) (SQLDriverConnect); [28000] [Microsoft][ODBC Driver 17 for SQL Server][SQL Server]Cannot open database "LSP_Integration" requested by the login. The login failed. (4060); [28000] [Microsoft][ODBC Driver 17 for SQL Server][SQL Server]Login failed for user \'stepdev\'. (18456); [28000] [Microsoft][ODBC Driver 17 for SQL Server][SQL Server]Cannot open database "LSP_Integration" requested by the login. The login failed. (4060)')
2023-06-01 10:14:04 2023-06-01_10-13-39_P6W3 Loading Plan (1).xlsx_sheet_PF Reading process: Done
2023-06-01 10:14:04 sheet_PF Cleaning process: Done
2023-06-01 10:14:05 SQL_rcv_customer_invoice_table Insert to SQL process: (pyodbc.InterfaceError) ('28000', '[28000] [Microsoft][ODBC Driver 17 for SQL Server][SQL Server]Login failed for user \'stepdev\'. (18456) (SQLDriverConnect); [28000] [Microsoft][ODBC Driver 17 for SQL Server][SQL Server]Cannot open database "LSP_Integration" requested by the login. The login failed. (4060); [28000] [Microsoft][ODBC Driver 17 for SQL Server][SQL Server]Login failed for user \'stepdev\'. (18456); [28000] [Microsoft][ODBC Driver 17 for SQL Server][SQL Server]Cannot open database "LSP_Integration" requested by the login. The login failed. (4060)')
2023-06-01 10:14:05 Write to batch table (pyodbc.InterfaceError) ('28000', '[28000] [Microsoft][ODBC Driver 17 for SQL Server][SQL Server]Login failed for user \'stepdev\'. (18456) (SQLDriverConnect); [28000] [Microsoft][ODBC Driver 17 for SQL Server][SQL Server]Cannot open database "LSP_Integration" requested by the login. The login failed. (4060); [28000] [Microsoft][ODBC Driver 17 for SQL Server][SQL Server]Login failed for user \'stepdev\'. (18456); [28000] [Microsoft][ODBC Driver 17 for SQL Server][SQL Server]Cannot open database "LSP_Integration" requested by the login. The login failed. (4060)')
2023-06-01 10:14:05 Batch_no_6a400d43-9752-4d11-948b-b0a0fccd8776 Delete row process: (pyodbc.InterfaceError) ('28000', '[28000] [Microsoft][ODBC Driver 17 for SQL Server][SQL Server]Login failed for user \'stepdev\'. (18456) (SQLDriverConnect); [28000] [Microsoft][ODBC Driver 17 for SQL Server][SQL Server]Cannot open database "LSP_Integration" requested by the login. The login failed. (4060); [28000] [Microsoft][ODBC Driver 17 for SQL Server][SQL Server]Login failed for user \'stepdev\'. (18456); [28000] [Microsoft][ODBC Driver 17 for SQL Server][SQL Server]Cannot open database "LSP_Integration" requested by the login. The login failed. (4060)')
2023-06-01 10:14:05 Move file 2023-06-01_10-13-39_P6W3 Loading Plan (1).xlsx to ./mail/fail Done
2023-06-01 10:14:06 2023-06-01_10-13-42_Loading plan P6W3 EU and US market.xlsx_sheet_Update Plan Reading process: Done
2023-06-01 10:14:06 sheet_Update Plan Cleaning process: Done
2023-06-01 10:14:06 SQL_rcv_customer_booking_table Insert to SQL process: (pyodbc.InterfaceError) ('28000', '[28000] [Microsoft][ODBC Driver 17 for SQL Server][SQL Server]Login failed for user \'stepdev\'. (18456) (SQLDriverConnect); [28000] [Microsoft][ODBC Driver 17 for SQL Server][SQL Server]Cannot open database "LSP_Integration" requested by the login. The login failed. (4060); [28000] [Microsoft][ODBC Driver 17 for SQL Server][SQL Server]Login failed for user \'stepdev\'. (18456); [28000] [Microsoft][ODBC Driver 17 for SQL Server][SQL Server]Cannot open database "LSP_Integration" requested by the login. The login failed. (4060)')
2023-06-01 10:14:06 2023-06-01_10-13-42_Loading plan P6W3 EU and US market.xlsx_sheet_PF Reading process: Done
2023-06-01 10:14:06 sheet_PF Cleaning process: Done
2023-06-01 10:14:06 SQL_rcv_customer_invoice_table Insert to SQL process: (pyodbc.InterfaceError) ('28000', '[28000] [Microsoft][ODBC Driver 17 for SQL Server][SQL Server]Login failed for user \'stepdev\'. (18456) (SQLDriverConnect); [28000] [Microsoft][ODBC Driver 17 for SQL Server][SQL Server]Cannot open database "LSP_Integration" requested by the login. The login failed. (4060); [28000] [Microsoft][ODBC Driver 17 for SQL Server][SQL Server]Login failed for user \'stepdev\'. (18456); [28000] [Microsoft][ODBC Driver 17 for SQL Server][SQL Server]Cannot open database "LSP_Integration" requested by the login. The login failed. (4060)')
2023-06-01 10:14:06 Write to batch table (pyodbc.InterfaceError) ('28000', '[28000] [Microsoft][ODBC Driver 17 for SQL Server][SQL Server]Login failed for user \'stepdev\'. (18456) (SQLDriverConnect); [28000] [Microsoft][ODBC Driver 17 for SQL Server][SQL Server]Cannot open database "LSP_Integration" requested by the login. The login failed. (4060); [28000] [Microsoft][ODBC Driver 17 for SQL Server][SQL Server]Login failed for user \'stepdev\'. (18456); [28000] [Microsoft][ODBC Driver 17 for SQL Server][SQL Server]Cannot open database "LSP_Integration" requested by the login. The login failed. (4060)')
2023-06-01 10:14:06 Batch_no_7ab4154a-2b5f-48dd-83e3-094cfb8f6b0f Delete row process: (pyodbc.InterfaceError) ('28000', '[28000] [Microsoft][ODBC Driver 17 for SQL Server][SQL Server]Login failed for user \'stepdev\'. (18456) (SQLDriverConnect); [28000] [Microsoft][ODBC Driver 17 for SQL Server][SQL Server]Cannot open database "LSP_Integration" requested by the login. The login failed. (4060); [28000] [Microsoft][ODBC Driver 17 for SQL Server][SQL Server]Login failed for user \'stepdev\'. (18456); [28000] [Microsoft][ODBC Driver 17 for SQL Server][SQL Server]Cannot open database "LSP_Integration" requested by the login. The login failed. (4060)')
2023-06-01 10:14:06 Move file 2023-06-01_10-13-42_Loading plan P6W3 EU and US market.xlsx to ./mail/fail Done
2023-06-01 10:14:07 2023-06-01_10-13-45_Loading plan P6W3 Other market.xlsx_sheet_Update Plan Reading process: Done
2023-06-01 10:14:07 sheet_Update Plan Cleaning process: Done
2023-06-01 10:14:07 SQL_rcv_customer_booking_table Insert to SQL process: (pyodbc.InterfaceError) ('28000', '[28000] [Microsoft][ODBC Driver 17 for SQL Server][SQL Server]Login failed for user \'stepdev\'. (18456) (SQLDriverConnect); [28000] [Microsoft][ODBC Driver 17 for SQL Server][SQL Server]Cannot open database "LSP_Integration" requested by the login. The login failed. (4060); [28000] [Microsoft][ODBC Driver 17 for SQL Server][SQL Server]Login failed for user \'stepdev\'. (18456); [28000] [Microsoft][ODBC Driver 17 for SQL Server][SQL Server]Cannot open database "LSP_Integration" requested by the login. The login failed. (4060)')
2023-06-01 10:14:07 2023-06-01_10-13-45_Loading plan P6W3 Other market.xlsx_sheet_PF Reading process: Done
2023-06-01 10:14:07 sheet_PF Cleaning process: Done
2023-06-01 10:14:07 SQL_rcv_customer_invoice_table Insert to SQL process: (pyodbc.InterfaceError) ('28000', '[28000] [Microsoft][ODBC Driver 17 for SQL Server][SQL Server]Login failed for user \'stepdev\'. (18456) (SQLDriverConnect); [28000] [Microsoft][ODBC Driver 17 for SQL Server][SQL Server]Cannot open database "LSP_Integration" requested by the login. The login failed. (4060); [28000] [Microsoft][ODBC Driver 17 for SQL Server][SQL Server]Login failed for user \'stepdev\'. (18456); [28000] [Microsoft][ODBC Driver 17 for SQL Server][SQL Server]Cannot open database "LSP_Integration" requested by the login. The login failed. (4060)')
2023-06-01 10:14:07 Write to batch table (pyodbc.InterfaceError) ('28000', '[28000] [Microsoft][ODBC Driver 17 for SQL Server][SQL Server]Login failed for user \'stepdev\'. (18456) (SQLDriverConnect); [28000] [Microsoft][ODBC Driver 17 for SQL Server][SQL Server]Cannot open database "LSP_Integration" requested by the login. The login failed. (4060); [28000] [Microsoft][ODBC Driver 17 for SQL Server][SQL Server]Login failed for user \'stepdev\'. (18456); [28000] [Microsoft][ODBC Driver 17 for SQL Server][SQL Server]Cannot open database "LSP_Integration" requested by the login. The login failed. (4060)')
2023-06-01 10:14:07 Batch_no_fa22522f-f191-4923-8542-92d3a8b749fa Delete row process: (pyodbc.InterfaceError) ('28000', '[28000] [Microsoft][ODBC Driver 17 for SQL Server][SQL Server]Login failed for user \'stepdev\'. (18456) (SQLDriverConnect); [28000] [Microsoft][ODBC Driver 17 for SQL Server][SQL Server]Cannot open database "LSP_Integration" requested by the login. The login failed. (4060); [28000] [Microsoft][ODBC Driver 17 for SQL Server][SQL Server]Login failed for user \'stepdev\'. (18456); [28000] [Microsoft][ODBC Driver 17 for SQL Server][SQL Server]Cannot open database "LSP_Integration" requested by the login. The login failed. (4060)')
2023-06-01 10:14:07 Move file 2023-06-01_10-13-45_Loading plan P6W3 Other market.xlsx to ./mail/fail Done
2023-06-01 10:14:08 2023-06-01_10-13-47_P6W3 Loading Plan.xlsx_sheet_Update Plan Reading process: Done
2023-06-01 10:14:08 sheet_Update Plan Cleaning process: Done
2023-06-01 10:14:08 SQL_rcv_customer_booking_table Insert to SQL process: (pyodbc.InterfaceError) ('28000', '[28000] [Microsoft][ODBC Driver 17 for SQL Server][SQL Server]Login failed for user \'stepdev\'. (18456) (SQLDriverConnect); [28000] [Microsoft][ODBC Driver 17 for SQL Server][SQL Server]Cannot open database "LSP_Integration" requested by the login. The login failed. (4060); [28000] [Microsoft][ODBC Driver 17 for SQL Server][SQL Server]Login failed for user \'stepdev\'. (18456); [28000] [Microsoft][ODBC Driver 17 for SQL Server][SQL Server]Cannot open database "LSP_Integration" requested by the login. The login failed. (4060)')
2023-06-01 10:14:08 2023-06-01_10-13-47_P6W3 Loading Plan.xlsx_sheet_PF Reading process: Done
2023-06-01 10:14:08 sheet_PF Cleaning process: Done
2023-06-01 10:14:09 SQL_rcv_customer_invoice_table Insert to SQL process: (pyodbc.InterfaceError) ('28000', '[28000] [Microsoft][ODBC Driver 17 for SQL Server][SQL Server]Login failed for user \'stepdev\'. (18456) (SQLDriverConnect); [28000] [Microsoft][ODBC Driver 17 for SQL Server][SQL Server]Cannot open database "LSP_Integration" requested by the login. The login failed. (4060); [28000] [Microsoft][ODBC Driver 17 for SQL Server][SQL Server]Login failed for user \'stepdev\'. (18456); [28000] [Microsoft][ODBC Driver 17 for SQL Server][SQL Server]Cannot open database "LSP_Integration" requested by the login. The login failed. (4060)')
2023-06-01 10:14:09 Write to batch table (pyodbc.InterfaceError) ('28000', '[28000] [Microsoft][ODBC Driver 17 for SQL Server][SQL Server]Login failed for user \'stepdev\'. (18456) (SQLDriverConnect); [28000] [Microsoft][ODBC Driver 17 for SQL Server][SQL Server]Cannot open database "LSP_Integration" requested by the login. The login failed. (4060); [28000] [Microsoft][ODBC Driver 17 for SQL Server][SQL Server]Login failed for user \'stepdev\'. (18456); [28000] [Microsoft][ODBC Driver 17 for SQL Server][SQL Server]Cannot open database "LSP_Integration" requested by the login. The login failed. (4060)')
2023-06-01 10:14:09 Batch_no_002b4caa-6e34-4d13-b37b-54f1b6600522 Delete row process: (pyodbc.InterfaceError) ('28000', '[28000] [Microsoft][ODBC Driver 17 for SQL Server][SQL Server]Login failed for user \'stepdev\'. (18456) (SQLDriverConnect); [28000] [Microsoft][ODBC Driver 17 for SQL Server][SQL Server]Cannot open database "LSP_Integration" requested by the login. The login failed. (4060); [28000] [Microsoft][ODBC Driver 17 for SQL Server][SQL Server]Login failed for user \'stepdev\'. (18456); [28000] [Microsoft][ODBC Driver 17 for SQL Server][SQL Server]Cannot open database "LSP_Integration" requested by the login. The login failed. (4060)')
2023-06-01 10:14:09 Move file 2023-06-01_10-13-47_P6W3 Loading Plan.xlsx to ./mail/fail Done
2023-06-01 10:14:09 2023-06-01_10-13-50_Loading plan P6W3.xlsx_sheet_Update Plan Reading process: Done
2023-06-01 10:14:09 sheet_Update Plan Cleaning process: Done
2023-06-01 10:14:09 SQL_rcv_customer_booking_table Insert to SQL process: (pyodbc.InterfaceError) ('28000', '[28000] [Microsoft][ODBC Driver 17 for SQL Server][SQL Server]Login failed for user \'stepdev\'. (18456) (SQLDriverConnect); [28000] [Microsoft][ODBC Driver 17 for SQL Server][SQL Server]Cannot open database "LSP_Integration" requested by the login. The login failed. (4060); [28000] [Microsoft][ODBC Driver 17 for SQL Server][SQL Server]Login failed for user \'stepdev\'. (18456); [28000] [Microsoft][ODBC Driver 17 for SQL Server][SQL Server]Cannot open database "LSP_Integration" requested by the login. The login failed. (4060)')
2023-06-01 10:14:09 2023-06-01_10-13-50_Loading plan P6W3.xlsx_sheet_PF Reading process: Done
2023-06-01 10:14:09 sheet_PF Cleaning process: Done
2023-06-01 10:14:09 SQL_rcv_customer_invoice_table Insert to SQL process: (pyodbc.InterfaceError) ('28000', '[28000] [Microsoft][ODBC Driver 17 for SQL Server][SQL Server]Login failed for user \'stepdev\'. (18456) (SQLDriverConnect); [28000] [Microsoft][ODBC Driver 17 for SQL Server][SQL Server]Cannot open database "LSP_Integration" requested by the login. The login failed. (4060); [28000] [Microsoft][ODBC Driver 17 for SQL Server][SQL Server]Login failed for user \'stepdev\'. (18456); [28000] [Microsoft][ODBC Driver 17 for SQL Server][SQL Server]Cannot open database "LSP_Integration" requested by the login. The login failed. (4060)')
2023-06-01 10:14:10 Write to batch table (pyodbc.InterfaceError) ('28000', '[28000] [Microsoft][ODBC Driver 17 for SQL Server][SQL Server]Login failed for user \'stepdev\'. (18456) (SQLDriverConnect); [28000] [Microsoft][ODBC Driver 17 for SQL Server][SQL Server]Cannot open database "LSP_Integration" requested by the login. The login failed. (4060); [28000] [Microsoft][ODBC Driver 17 for SQL Server][SQL Server]Login failed for user \'stepdev\'. (18456); [28000] [Microsoft][ODBC Driver 17 for SQL Server][SQL Server]Cannot open database "LSP_Integration" requested by the login. The login failed. (4060)')
2023-06-01 10:14:10 Batch_no_83df93a0-b909-4911-96ef-f456a089fcb8 Delete row process: (pyodbc.InterfaceError) ('28000', '[28000] [Microsoft][ODBC Driver 17 for SQL Server][SQL Server]Login failed for user \'stepdev\'. (18456) (SQLDriverConnect); [28000] [Microsoft][ODBC Driver 17 for SQL Server][SQL Server]Cannot open database "LSP_Integration" requested by the login. The login failed. (4060); [28000] [Microsoft][ODBC Driver 17 for SQL Server][SQL Server]Login failed for user \'stepdev\'. (18456); [28000] [Microsoft][ODBC Driver 17 for SQL Server][SQL Server]Cannot open database "LSP_Integration" requested by the login. The login failed. (4060)')
2023-06-01 10:14:10 Move file 2023-06-01_10-13-50_Loading plan P6W3.xlsx to ./mail/fail Done
2023-06-01 10:14:11 2023-06-01_10-13-53_P6W2 Loading Plan (4).xlsx_sheet_Update Plan Reading process: Done
2023-06-01 10:14:11 sheet_Update Plan Cleaning process: Done
2023-06-01 10:14:11 SQL_rcv_customer_booking_table Insert to SQL process: (pyodbc.InterfaceError) ('28000', '[28000] [Microsoft][ODBC Driver 17 for SQL Server][SQL Server]Login failed for user \'stepdev\'. (18456) (SQLDriverConnect); [28000] [Microsoft][ODBC Driver 17 for SQL Server][SQL Server]Cannot open database "LSP_Integration" requested by the login. The login failed. (4060); [28000] [Microsoft][ODBC Driver 17 for SQL Server][SQL Server]Login failed for user \'stepdev\'. (18456); [28000] [Microsoft][ODBC Driver 17 for SQL Server][SQL Server]Cannot open database "LSP_Integration" requested by the login. The login failed. (4060)')
2023-06-01 10:14:11 2023-06-01_10-13-53_P6W2 Loading Plan (4).xlsx_sheet_PF Reading process: Done
2023-06-01 10:14:11 sheet_PF Cleaning process: Done
2023-06-01 10:14:11 SQL_rcv_customer_invoice_table Insert to SQL process: (pyodbc.InterfaceError) ('28000', '[28000] [Microsoft][ODBC Driver 17 for SQL Server][SQL Server]Login failed for user \'stepdev\'. (18456) (SQLDriverConnect); [28000] [Microsoft][ODBC Driver 17 for SQL Server][SQL Server]Cannot open database "LSP_Integration" requested by the login. The login failed. (4060); [28000] [Microsoft][ODBC Driver 17 for SQL Server][SQL Server]Login failed for user \'stepdev\'. (18456); [28000] [Microsoft][ODBC Driver 17 for SQL Server][SQL Server]Cannot open database "LSP_Integration" requested by the login. The login failed. (4060)')
2023-06-01 10:14:11 Write to batch table (pyodbc.InterfaceError) ('28000', '[28000] [Microsoft][ODBC Driver 17 for SQL Server][SQL Server]Login failed for user \'stepdev\'. (18456) (SQLDriverConnect); [28000] [Microsoft][ODBC Driver 17 for SQL Server][SQL Server]Cannot open database "LSP_Integration" requested by the login. The login failed. (4060); [28000] [Microsoft][ODBC Driver 17 for SQL Server][SQL Server]Login failed for user \'stepdev\'. (18456); [28000] [Microsoft][ODBC Driver 17 for SQL Server][SQL Server]Cannot open database "LSP_Integration" requested by the login. The login failed. (4060)')
2023-06-01 10:14:11 Batch_no_85360f85-ca1f-4209-99bc-c9b67355503c Delete row process: (pyodbc.InterfaceError) ('28000', '[28000] [Microsoft][ODBC Driver 17 for SQL Server][SQL Server]Login failed for user \'stepdev\'. (18456) (SQLDriverConnect); [28000] [Microsoft][ODBC Driver 17 for SQL Server][SQL Server]Cannot open database "LSP_Integration" requested by the login. The login failed. (4060); [28000] [Microsoft][ODBC Driver 17 for SQL Server][SQL Server]Login failed for user \'stepdev\'. (18456); [28000] [Microsoft][ODBC Driver 17 for SQL Server][SQL Server]Cannot open database "LSP_Integration" requested by the login. The login failed. (4060)')
2023-06-01 10:14:11 Move file 2023-06-01_10-13-53_P6W2 Loading Plan (4).xlsx to ./mail/fail Done
2023-06-01 10:14:12 2023-06-01_10-13-55_P6W2 Loading Plan (3).xlsx_sheet_Update Plan Reading process: Done
2023-06-01 10:14:12 sheet_Update Plan Cleaning process: Done
2023-06-01 10:14:12 SQL_rcv_customer_booking_table Insert to SQL process: (pyodbc.InterfaceError) ('28000', '[28000] [Microsoft][ODBC Driver 17 for SQL Server][SQL Server]Login failed for user \'stepdev\'. (18456) (SQLDriverConnect); [28000] [Microsoft][ODBC Driver 17 for SQL Server][SQL Server]Cannot open database "LSP_Integration" requested by the login. The login failed. (4060); [28000] [Microsoft][ODBC Driver 17 for SQL Server][SQL Server]Login failed for user \'stepdev\'. (18456); [28000] [Microsoft][ODBC Driver 17 for SQL Server][SQL Server]Cannot open database "LSP_Integration" requested by the login. The login failed. (4060)')
2023-06-01 10:14:12 2023-06-01_10-13-55_P6W2 Loading Plan (3).xlsx_sheet_PF Reading process: Done
2023-06-01 10:14:12 sheet_PF Cleaning process: Done
2023-06-01 10:14:13 SQL_rcv_customer_invoice_table Insert to SQL process: (pyodbc.InterfaceError) ('28000', '[28000] [Microsoft][ODBC Driver 17 for SQL Server][SQL Server]Login failed for user \'stepdev\'. (18456) (SQLDriverConnect); [28000] [Microsoft][ODBC Driver 17 for SQL Server][SQL Server]Cannot open database "LSP_Integration" requested by the login. The login failed. (4060); [28000] [Microsoft][ODBC Driver 17 for SQL Server][SQL Server]Login failed for user \'stepdev\'. (18456); [28000] [Microsoft][ODBC Driver 17 for SQL Server][SQL Server]Cannot open database "LSP_Integration" requested by the login. The login failed. (4060)')
2023-06-01 10:14:13 Write to batch table (pyodbc.InterfaceError) ('28000', '[28000] [Microsoft][ODBC Driver 17 for SQL Server][SQL Server]Login failed for user \'stepdev\'. (18456) (SQLDriverConnect); [28000] [Microsoft][ODBC Driver 17 for SQL Server][SQL Server]Cannot open database "LSP_Integration" requested by the login. The login failed. (4060); [28000] [Microsoft][ODBC Driver 17 for SQL Server][SQL Server]Login failed for user \'stepdev\'. (18456); [28000] [Microsoft][ODBC Driver 17 for SQL Server][SQL Server]Cannot open database "LSP_Integration" requested by the login. The login failed. (4060)')
2023-06-01 10:14:13 Batch_no_401b3a1f-d09d-417c-bfab-a8b5a8cb168d Delete row process: (pyodbc.InterfaceError) ('28000', '[28000] [Microsoft][ODBC Driver 17 for SQL Server][SQL Server]Login failed for user \'stepdev\'. (18456) (SQLDriverConnect); [28000] [Microsoft][ODBC Driver 17 for SQL Server][SQL Server]Cannot open database "LSP_Integration" requested by the login. The login failed. (4060); [28000] [Microsoft][ODBC Driver 17 for SQL Server][SQL Server]Login failed for user \'stepdev\'. (18456); [28000] [Microsoft][ODBC Driver 17 for SQL Server][SQL Server]Cannot open database "LSP_Integration" requested by the login. The login failed. (4060)')
2023-06-01 10:14:13 Move file 2023-06-01_10-13-55_P6W2 Loading Plan (3).xlsx to ./mail/fail Done
2023-06-01 10:14:13 2023-06-01_10-13-58_Loading plan P6W2 (1).xlsx_sheet_Update Plan Reading process: Done
2023-06-01 10:14:13 sheet_Update Plan Cleaning process: Done
2023-06-01 10:14:13 SQL_rcv_customer_booking_table Insert to SQL process: (pyodbc.InterfaceError) ('28000', '[28000] [Microsoft][ODBC Driver 17 for SQL Server][SQL Server]Login failed for user \'stepdev\'. (18456) (SQLDriverConnect); [28000] [Microsoft][ODBC Driver 17 for SQL Server][SQL Server]Cannot open database "LSP_Integration" requested by the login. The login failed. (4060); [28000] [Microsoft][ODBC Driver 17 for SQL Server][SQL Server]Login failed for user \'stepdev\'. (18456); [28000] [Microsoft][ODBC Driver 17 for SQL Server][SQL Server]Cannot open database "LSP_Integration" requested by the login. The login failed. (4060)')
2023-06-01 10:14:13 2023-06-01_10-13-58_Loading plan P6W2 (1).xlsx_sheet_PF Reading process: Done
2023-06-01 10:14:13 sheet_PF Cleaning process: Done
2023-06-01 10:14:13 SQL_rcv_customer_invoice_table Insert to SQL process: (pyodbc.InterfaceError) ('28000', '[28000] [Microsoft][ODBC Driver 17 for SQL Server][SQL Server]Login failed for user \'stepdev\'. (18456) (SQLDriverConnect); [28000] [Microsoft][ODBC Driver 17 for SQL Server][SQL Server]Cannot open database "LSP_Integration" requested by the login. The login failed. (4060); [28000] [Microsoft][ODBC Driver 17 for SQL Server][SQL Server]Login failed for user \'stepdev\'. (18456); [28000] [Microsoft][ODBC Driver 17 for SQL Server][SQL Server]Cannot open database "LSP_Integration" requested by the login. The login failed. (4060)')
2023-06-01 10:14:14 Write to batch table (pyodbc.InterfaceError) ('28000', '[28000] [Microsoft][ODBC Driver 17 for SQL Server][SQL Server]Login failed for user \'stepdev\'. (18456) (SQLDriverConnect); [28000] [Microsoft][ODBC Driver 17 for SQL Server][SQL Server]Cannot open database "LSP_Integration" requested by the login. The login failed. (4060); [28000] [Microsoft][ODBC Driver 17 for SQL Server][SQL Server]Login failed for user \'stepdev\'. (18456); [28000] [Microsoft][ODBC Driver 17 for SQL Server][SQL Server]Cannot open database "LSP_Integration" requested by the login. The login failed. (4060)')
2023-06-01 10:14:14 Batch_no_ffd40638-cbf3-4fd9-9c80-6264ed0f1f04 Delete row process: (pyodbc.InterfaceError) ('28000', '[28000] [Microsoft][ODBC Driver 17 for SQL Server][SQL Server]Login failed for user \'stepdev\'. (18456) (SQLDriverConnect); [28000] [Microsoft][ODBC Driver 17 for SQL Server][SQL Server]Cannot open database "LSP_Integration" requested by the login. The login failed. (4060); [28000] [Microsoft][ODBC Driver 17 for SQL Server][SQL Server]Login failed for user \'stepdev\'. (18456); [28000] [Microsoft][ODBC Driver 17 for SQL Server][SQL Server]Cannot open database "LSP_Integration" requested by the login. The login failed. (4060)')
2023-06-01 10:14:14 Move file 2023-06-01_10-13-58_Loading plan P6W2 (1).xlsx to ./mail/fail Done
2023-06-01 10:14:14 customer_receive_process process end in 40.3470 seconds
2023-06-01 10:24:40 customer_receive_process process start
2023-06-01 10:24:40 ./mail Exploring process: Done
2023-06-01 10:24:40 ./mail there have no .xlsx files in folder
2023-06-01 10:24:40 customer_receive_process process end in 0.0066 seconds
2023-06-01 10:25:07 customer_receive_process process start
2023-06-01 10:25:07 ./mail Exploring process: Done
2023-06-01 10:25:08 2023-06-01_10-13-36_Loading plan P6W3 Adding German.xlsx_sheet_Update Plan Reading process: Done
2023-06-01 10:25:08 sheet_Update Plan Cleaning process: Done
2023-06-01 10:25:08 SQL_rcv_customer_booking_table Insert to SQL process: Done
2023-06-01 10:25:09 2023-06-01_10-13-36_Loading plan P6W3 Adding German.xlsx_sheet_PF Reading process: Done
2023-06-01 10:25:09 sheet_PF Cleaning process: Done
2023-06-01 10:25:10 SQL_rcv_customer_invoice_table Insert to SQL process: Done
2023-06-01 10:25:10 Move file 2023-06-01_10-13-36_Loading plan P6W3 Adding German.xlsx to ./mail/success Done
2023-06-01 10:25:11 2023-06-01_10-13-39_P6W3 Loading Plan (1).xlsx_sheet_Update Plan Reading process: Done
2023-06-01 10:25:11 sheet_Update Plan Cleaning process: Done
2023-06-01 10:25:11 SQL_rcv_customer_booking_table Insert to SQL process: Done
2023-06-01 10:25:11 2023-06-01_10-13-39_P6W3 Loading Plan (1).xlsx_sheet_PF Reading process: Done
2023-06-01 10:25:11 sheet_PF Cleaning process: Done
2023-06-01 10:25:13 SQL_rcv_customer_invoice_table Insert to SQL process: Done
2023-06-01 10:25:13 Move file 2023-06-01_10-13-39_P6W3 Loading Plan (1).xlsx to ./mail/success Done
2023-06-01 10:25:14 2023-06-01_10-13-42_Loading plan P6W3 EU and US market.xlsx_sheet_Update Plan Reading process: Done
2023-06-01 10:25:14 sheet_Update Plan Cleaning process: Done
2023-06-01 10:25:14 SQL_rcv_customer_booking_table Insert to SQL process: Done
2023-06-01 10:25:14 2023-06-01_10-13-42_Loading plan P6W3 EU and US market.xlsx_sheet_PF Reading process: Done
2023-06-01 10:25:14 sheet_PF Cleaning process: Done
2023-06-01 10:25:15 SQL_rcv_customer_invoice_table Insert to SQL process: Done
2023-06-01 10:25:15 Move file 2023-06-01_10-13-42_Loading plan P6W3 EU and US market.xlsx to ./mail/success Done
2023-06-01 10:25:15 2023-06-01_10-13-45_Loading plan P6W3 Other market.xlsx_sheet_Update Plan Reading process: Done
2023-06-01 10:25:15 sheet_Update Plan Cleaning process: Done
2023-06-01 10:25:16 SQL_rcv_customer_booking_table Insert to SQL process: Done
2023-06-01 10:25:16 2023-06-01_10-13-45_Loading plan P6W3 Other market.xlsx_sheet_PF Reading process: Done
2023-06-01 10:25:16 sheet_PF Cleaning process: Done
2023-06-01 10:25:17 SQL_rcv_customer_invoice_table Insert to SQL process: Done
2023-06-01 10:25:17 Move file 2023-06-01_10-13-45_Loading plan P6W3 Other market.xlsx to ./mail/success Done
2023-06-01 10:25:18 2023-06-01_10-13-47_P6W3 Loading Plan.xlsx_sheet_Update Plan Reading process: Done
2023-06-01 10:25:18 sheet_Update Plan Cleaning process: Done
2023-06-01 10:25:18 SQL_rcv_customer_booking_table Insert to SQL process: Done
2023-06-01 10:25:18 2023-06-01_10-13-47_P6W3 Loading Plan.xlsx_sheet_PF Reading process: Done
2023-06-01 10:25:18 sheet_PF Cleaning process: Done
2023-06-01 10:25:19 SQL_rcv_customer_invoice_table Insert to SQL process: Done
2023-06-01 10:25:19 Move file 2023-06-01_10-13-47_P6W3 Loading Plan.xlsx to ./mail/success Done
2023-06-01 10:25:19 2023-06-01_10-13-50_Loading plan P6W3.xlsx_sheet_Update Plan Reading process: Done
2023-06-01 10:25:20 sheet_Update Plan Cleaning process: Done
2023-06-01 10:25:20 SQL_rcv_customer_booking_table Insert to SQL process: Done
2023-06-01 10:25:20 2023-06-01_10-13-50_Loading plan P6W3.xlsx_sheet_PF Reading process: Done
2023-06-01 10:25:20 sheet_PF Cleaning process: Done
2023-06-01 10:25:21 SQL_rcv_customer_invoice_table Insert to SQL process: Done
2023-06-01 10:25:21 Move file 2023-06-01_10-13-50_Loading plan P6W3.xlsx to ./mail/success Done
2023-06-01 10:25:22 2023-06-01_10-13-53_P6W2 Loading Plan (4).xlsx_sheet_Update Plan Reading process: Done
2023-06-01 10:25:22 sheet_Update Plan Cleaning process: Done
2023-06-01 10:25:22 SQL_rcv_customer_booking_table Insert to SQL process: Done
2023-06-01 10:25:22 2023-06-01_10-13-53_P6W2 Loading Plan (4).xlsx_sheet_PF Reading process: Done
2023-06-01 10:25:22 sheet_PF Cleaning process: Done
2023-06-01 10:25:23 SQL_rcv_customer_invoice_table Insert to SQL process: Done
2023-06-01 10:25:23 Move file 2023-06-01_10-13-53_P6W2 Loading Plan (4).xlsx to ./mail/success Done
2023-06-01 10:25:24 2023-06-01_10-13-55_P6W2 Loading Plan (3).xlsx_sheet_Update Plan Reading process: Done
2023-06-01 10:25:24 sheet_Update Plan Cleaning process: Done
2023-06-01 10:25:25 SQL_rcv_customer_booking_table Insert to SQL process: Done
2023-06-01 10:25:25 2023-06-01_10-13-55_P6W2 Loading Plan (3).xlsx_sheet_PF Reading process: Done
2023-06-01 10:25:25 sheet_PF Cleaning process: Done
2023-06-01 10:25:26 SQL_rcv_customer_invoice_table Insert to SQL process: Done
2023-06-01 10:25:26 Move file 2023-06-01_10-13-55_P6W2 Loading Plan (3).xlsx to ./mail/success Done
2023-06-01 10:25:26 2023-06-01_10-13-58_Loading plan P6W2 (1).xlsx_sheet_Update Plan Reading process: Done
2023-06-01 10:25:26 sheet_Update Plan Cleaning process: Done
2023-06-01 10:25:27 SQL_rcv_customer_booking_table Insert to SQL process: Done
2023-06-01 10:25:27 2023-06-01_10-13-58_Loading plan P6W2 (1).xlsx_sheet_PF Reading process: Done
2023-06-01 10:25:27 sheet_PF Cleaning process: Done
2023-06-01 10:25:28 SQL_rcv_customer_invoice_table Insert to SQL process: Done
2023-06-01 10:25:28 Move file 2023-06-01_10-13-58_Loading plan P6W2 (1).xlsx to ./mail/success Done
2023-06-01 10:25:28 customer_receive_process process end in 21.2768 seconds
