2023-06-02 10:38:28 customer_receive_process process start
2023-06-02 10:38:29 download_attachment Done
2023-06-02 10:38:29 ./mail Exploring process: Done
2023-06-02 10:38:31 2023-05-18_15-44-4_Loading plan P6W1.xlsx_sheet_Update Plan Reading process: Done
2023-06-02 10:38:31 sheet_Update Plan Cleaning process: Done
2023-06-02 10:38:33 SQL_rcv_customer_booking_table Insert to SQL process: Done
2023-06-02 10:38:33 2023-05-18_15-44-4_Loading plan P6W1.xlsx_sheet_PF Reading process: Done
2023-06-02 10:38:33 sheet_PF Cleaning process: Done
2023-06-02 10:38:35 SQL_rcv_customer_invoice_table Insert to SQL process: Done
2023-06-02 10:38:35 Move file 2023-05-18_15-44-4_Loading plan P6W1.xlsx to ./mail/success Done
2023-06-02 10:38:35 2023-05-18_19-53-54_Loading plan P6W1 (2).xlsx_sheet_Update Plan Reading process: Done
2023-06-02 10:38:35 sheet_Update Plan Cleaning process: Done
2023-06-02 10:38:36 SQL_rcv_customer_booking_table Insert to SQL process: Done
2023-06-02 10:38:36 2023-05-18_19-53-54_Loading plan P6W1 (2).xlsx_sheet_PF Reading process: Done
2023-06-02 10:38:36 sheet_PF Cleaning process: Done
2023-06-02 10:38:38 SQL_rcv_customer_invoice_table Insert to SQL process: Done
2023-06-02 10:38:38 Move file 2023-05-18_19-53-54_Loading plan P6W1 (2).xlsx to ./mail/success Done
2023-06-02 10:38:38 2023-05-22_16-52-26_Loading plan P6W1 (2).xlsx_sheet_Update Plan Reading process: Done
2023-06-02 10:38:38 sheet_Update Plan Cleaning process: Done
2023-06-02 10:38:39 SQL_rcv_customer_booking_table Insert to SQL process: Done
2023-06-02 10:38:39 2023-05-22_16-52-26_Loading plan P6W1 (2).xlsx_sheet_PF Reading process: Done
2023-06-02 10:38:39 sheet_PF Cleaning process: Done
2023-06-02 10:38:41 SQL_rcv_customer_invoice_table Insert to SQL process: Done
2023-06-02 10:38:41 Move file 2023-05-22_16-52-26_Loading plan P6W1 (2).xlsx to ./mail/success Done
2023-06-02 10:38:42 2023-05-24_13-14-2_P6W2 Loading Plan.xlsx_sheet_Update Plan Reading process: Done
2023-06-02 10:38:42 sheet_Update Plan Cleaning process: Done
2023-06-02 10:38:42 SQL_rcv_customer_booking_table Insert to SQL process: Done
2023-06-02 10:38:42 2023-05-24_13-14-2_P6W2 Loading Plan.xlsx_sheet_PF Reading process: Done
2023-06-02 10:38:42 sheet_PF Cleaning process: Done
2023-06-02 10:38:43 SQL_rcv_customer_invoice_table Insert to SQL process: Done
2023-06-02 10:38:43 Move file 2023-05-24_13-14-2_P6W2 Loading Plan.xlsx to ./mail/success Done
2023-06-02 10:38:45 2023-05-24_17-58-27_P6W2 Loading Plan (1).xlsx_sheet_Update Plan Reading process: Done
2023-06-02 10:38:45 sheet_Update Plan Cleaning process: Done
2023-06-02 10:38:45 SQL_rcv_customer_booking_table Insert to SQL process: Done
2023-06-02 10:38:45 2023-05-24_17-58-27_P6W2 Loading Plan (1).xlsx_sheet_PF Reading process: Done
2023-06-02 10:38:45 sheet_PF Cleaning process: Done
2023-06-02 10:38:46 SQL_rcv_customer_invoice_table Insert to SQL process: Done
2023-06-02 10:38:47 Move file 2023-05-24_17-58-27_P6W2 Loading Plan (1).xlsx to ./mail/success Done
2023-06-02 10:38:47 2023-05-24_17-58-36_Loading plan P6W2.xlsx_sheet_Update Plan Reading process: Done
2023-06-02 10:38:47 sheet_Update Plan Cleaning process: Done
2023-06-02 10:38:47 SQL_rcv_customer_booking_table Insert to SQL process: Done
2023-06-02 10:38:47 2023-05-24_17-58-36_Loading plan P6W2.xlsx_sheet_PF Reading process: Done
2023-06-02 10:38:47 sheet_PF Cleaning process: Done
2023-06-02 10:38:48 SQL_rcv_customer_invoice_table Insert to SQL process: Done
2023-06-02 10:38:49 Move file 2023-05-24_17-58-36_Loading plan P6W2.xlsx to ./mail/success Done
2023-06-02 10:38:49 2023-05-24_9-59-47_Loading plan P6W1 (3).xlsx_sheet_Update Plan Reading process: Done
2023-06-02 10:38:49 sheet_Update Plan Cleaning process: Done
2023-06-02 10:38:50 SQL_rcv_customer_booking_table Insert to SQL process: Done
2023-06-02 10:38:50 2023-05-24_9-59-47_Loading plan P6W1 (3).xlsx_sheet_PF Reading process: Done
2023-06-02 10:38:50 sheet_PF Cleaning process: Done
2023-06-02 10:38:51 SQL_rcv_customer_invoice_table Insert to SQL process: Done
2023-06-02 10:38:52 Move file 2023-05-24_9-59-47_Loading plan P6W1 (3).xlsx to ./mail/success Done
2023-06-02 10:38:53 2023-05-24_9-59-57_P6W1 Loading Plan (1).xlsx_sheet_Update Plan Reading process: Done
2023-06-02 10:38:53 sheet_Update Plan Cleaning process: Done
2023-06-02 10:38:53 SQL_rcv_customer_booking_table Insert to SQL process: Done
2023-06-02 10:38:53 2023-05-24_9-59-57_P6W1 Loading Plan (1).xlsx_sheet_PF Reading process: Done
2023-06-02 10:38:53 sheet_PF Cleaning process: Done
2023-06-02 10:38:55 SQL_rcv_customer_invoice_table Insert to SQL process: Done
2023-06-02 10:38:55 Move file 2023-05-24_9-59-57_P6W1 Loading Plan (1).xlsx to ./mail/success Done
2023-06-02 10:38:55 2023-05-25_11-7-36_Loading plan P6W2 UAE and SA market.xlsx_sheet_Update Plan Reading process: Done
2023-06-02 10:38:55 sheet_Update Plan Cleaning process: Done
2023-06-02 10:38:56 SQL_rcv_customer_booking_table Insert to SQL process: Done
2023-06-02 10:38:56 2023-05-25_11-7-36_Loading plan P6W2 UAE and SA market.xlsx_sheet_PF Reading process: Done
2023-06-02 10:38:56 sheet_PF Cleaning process: Done
2023-06-02 10:38:57 SQL_rcv_customer_invoice_table Insert to SQL process: Done
2023-06-02 10:38:57 Move file 2023-05-25_11-7-36_Loading plan P6W2 UAE and SA market.xlsx to ./mail/success Done
2023-06-02 10:38:58 2023-05-25_11-7-40_Loading plan P6W2 USA.xlsx_sheet_Update Plan Reading process: Done
2023-06-02 10:38:58 sheet_Update Plan Cleaning process: Done
2023-06-02 10:38:58 SQL_rcv_customer_booking_table Insert to SQL process: Done
2023-06-02 10:38:59 2023-05-25_11-7-40_Loading plan P6W2 USA.xlsx_sheet_PF Reading process: Done
2023-06-02 10:38:59 sheet_PF Cleaning process: Done
2023-06-02 10:39:00 SQL_rcv_customer_invoice_table Insert to SQL process: Done
2023-06-02 10:39:00 Move file 2023-05-25_11-7-40_Loading plan P6W2 USA.xlsx to ./mail/success Done
2023-06-02 10:39:01 2023-05-26_14-30-56_P6W2 Loading Plan (2).xlsx_sheet_Update Plan Reading process: Done
2023-06-02 10:39:01 sheet_Update Plan Cleaning process: Done
2023-06-02 10:39:02 SQL_rcv_customer_booking_table Insert to SQL process: Done
2023-06-02 10:39:02 2023-05-26_14-30-56_P6W2 Loading Plan (2).xlsx_sheet_PF Reading process: Done
2023-06-02 10:39:02 sheet_PF Cleaning process: Done
2023-06-02 10:39:03 SQL_rcv_customer_invoice_table Insert to SQL process: Done
2023-06-02 10:39:03 Move file 2023-05-26_14-30-56_P6W2 Loading Plan (2).xlsx to ./mail/success Done
2023-06-02 10:39:04 2023-06-01_10-13-36_Loading plan P6W3 Adding German.xlsx_sheet_Update Plan Reading process: Done
2023-06-02 10:39:04 sheet_Update Plan Cleaning process: Done
2023-06-02 10:39:05 SQL_rcv_customer_booking_table Insert to SQL process: Done
2023-06-02 10:39:05 2023-06-01_10-13-36_Loading plan P6W3 Adding German.xlsx_sheet_PF Reading process: Done
2023-06-02 10:39:05 sheet_PF Cleaning process: Done
2023-06-02 10:39:06 SQL_rcv_customer_invoice_table Insert to SQL process: Done
2023-06-02 10:39:06 Move file 2023-06-01_10-13-36_Loading plan P6W3 Adding German.xlsx to ./mail/success Done
2023-06-02 10:39:07 2023-06-01_10-13-39_P6W3 Loading Plan (1).xlsx_sheet_Update Plan Reading process: Done
2023-06-02 10:39:07 sheet_Update Plan Cleaning process: Done
2023-06-02 10:39:08 SQL_rcv_customer_booking_table Insert to SQL process: Done
2023-06-02 10:39:08 2023-06-01_10-13-39_P6W3 Loading Plan (1).xlsx_sheet_PF Reading process: Done
2023-06-02 10:39:08 sheet_PF Cleaning process: Done
2023-06-02 10:39:09 SQL_rcv_customer_invoice_table Insert to SQL process: Done
2023-06-02 10:39:09 Move file 2023-06-01_10-13-39_P6W3 Loading Plan (1).xlsx to ./mail/success Done
2023-06-02 10:39:11 2023-06-01_10-13-42_Loading plan P6W3 EU and US market.xlsx_sheet_Update Plan Reading process: Done
2023-06-02 10:39:11 sheet_Update Plan Cleaning process: Done
2023-06-02 10:39:11 SQL_rcv_customer_booking_table Insert to SQL process: Done
2023-06-02 10:39:11 2023-06-01_10-13-42_Loading plan P6W3 EU and US market.xlsx_sheet_PF Reading process: Done
2023-06-02 10:39:11 sheet_PF Cleaning process: Done
2023-06-02 10:39:12 SQL_rcv_customer_invoice_table Insert to SQL process: Done
2023-06-02 10:39:12 Move file 2023-06-01_10-13-42_Loading plan P6W3 EU and US market.xlsx to ./mail/success Done
2023-06-02 10:39:13 2023-06-01_10-13-45_Loading plan P6W3 Other market.xlsx_sheet_Update Plan Reading process: Done
2023-06-02 10:39:13 sheet_Update Plan Cleaning process: Done
2023-06-02 10:39:13 SQL_rcv_customer_booking_table Insert to SQL process: Done
2023-06-02 10:39:13 2023-06-01_10-13-45_Loading plan P6W3 Other market.xlsx_sheet_PF Reading process: Done
2023-06-02 10:39:13 sheet_PF Cleaning process: Done
2023-06-02 10:39:14 SQL_rcv_customer_invoice_table Insert to SQL process: Done
2023-06-02 10:39:15 Move file 2023-06-01_10-13-45_Loading plan P6W3 Other market.xlsx to ./mail/success Done
2023-06-02 10:39:16 2023-06-01_10-13-47_P6W3 Loading Plan.xlsx_sheet_Update Plan Reading process: Done
2023-06-02 10:39:16 sheet_Update Plan Cleaning process: Done
2023-06-02 10:39:16 SQL_rcv_customer_booking_table Insert to SQL process: Done
2023-06-02 10:39:16 2023-06-01_10-13-47_P6W3 Loading Plan.xlsx_sheet_PF Reading process: Done
2023-06-02 10:39:16 sheet_PF Cleaning process: Done
2023-06-02 10:39:17 SQL_rcv_customer_invoice_table Insert to SQL process: Done
2023-06-02 10:39:17 Move file 2023-06-01_10-13-47_P6W3 Loading Plan.xlsx to ./mail/success Done
2023-06-02 10:39:18 2023-06-01_10-13-50_Loading plan P6W3.xlsx_sheet_Update Plan Reading process: Done
2023-06-02 10:39:18 sheet_Update Plan Cleaning process: Done
2023-06-02 10:39:18 SQL_rcv_customer_booking_table Insert to SQL process: Done
2023-06-02 10:39:18 2023-06-01_10-13-50_Loading plan P6W3.xlsx_sheet_PF Reading process: Done
2023-06-02 10:39:18 sheet_PF Cleaning process: Done
2023-06-02 10:39:19 SQL_rcv_customer_invoice_table Insert to SQL process: Done
2023-06-02 10:39:19 Move file 2023-06-01_10-13-50_Loading plan P6W3.xlsx to ./mail/success Done
2023-06-02 10:39:20 2023-06-01_10-13-53_P6W2 Loading Plan (4).xlsx_sheet_Update Plan Reading process: Done
2023-06-02 10:39:20 sheet_Update Plan Cleaning process: Done
2023-06-02 10:39:21 SQL_rcv_customer_booking_table Insert to SQL process: Done
2023-06-02 10:39:21 2023-06-01_10-13-53_P6W2 Loading Plan (4).xlsx_sheet_PF Reading process: Done
2023-06-02 10:39:21 sheet_PF Cleaning process: Done
2023-06-02 10:39:22 SQL_rcv_customer_invoice_table Insert to SQL process: Done
2023-06-02 10:39:23 Move file 2023-06-01_10-13-53_P6W2 Loading Plan (4).xlsx to ./mail/success Done
2023-06-02 10:39:24 2023-06-01_10-13-55_P6W2 Loading Plan (3).xlsx_sheet_Update Plan Reading process: Done
2023-06-02 10:39:24 sheet_Update Plan Cleaning process: Done
2023-06-02 10:39:24 SQL_rcv_customer_booking_table Insert to SQL process: Done
2023-06-02 10:39:24 2023-06-01_10-13-55_P6W2 Loading Plan (3).xlsx_sheet_PF Reading process: Done
2023-06-02 10:39:24 sheet_PF Cleaning process: Done
2023-06-02 10:39:26 SQL_rcv_customer_invoice_table Insert to SQL process: Done
2023-06-02 10:39:26 Move file 2023-06-01_10-13-55_P6W2 Loading Plan (3).xlsx to ./mail/success Done
2023-06-02 10:39:26 2023-06-01_10-13-58_Loading plan P6W2 (1).xlsx_sheet_Update Plan Reading process: Done
2023-06-02 10:39:26 sheet_Update Plan Cleaning process: Done
2023-06-02 10:39:27 SQL_rcv_customer_booking_table Insert to SQL process: Done
2023-06-02 10:39:27 2023-06-01_10-13-58_Loading plan P6W2 (1).xlsx_sheet_PF Reading process: Done
2023-06-02 10:39:27 sheet_PF Cleaning process: Done
2023-06-02 10:39:28 SQL_rcv_customer_invoice_table Insert to SQL process: Done
2023-06-02 10:39:28 Move file 2023-06-01_10-13-58_Loading plan P6W2 (1).xlsx to ./mail/success Done
2023-06-02 10:39:29 Load plan P5W4 adding USA.xlsx_sheet_Update Plan Reading process: Done
2023-06-02 10:39:29 sheet_Update Plan Cleaning process: Done
2023-06-02 10:39:30 SQL_rcv_customer_booking_table Insert to SQL process: Done
2023-06-02 10:39:30 Load plan P5W4 adding USA.xlsx_sheet_PF Reading process: Done
2023-06-02 10:39:30 sheet_PF Cleaning process: Done
2023-06-02 10:39:31 SQL_rcv_customer_invoice_table Insert to SQL process: Done
2023-06-02 10:39:31 Move file Load plan P5W4 adding USA.xlsx to ./mail/success Done
2023-06-02 10:39:32 Loading plan P5W3 adding Mauritius.xlsx_sheet_Update Plan Reading process: Done
2023-06-02 10:39:32 sheet_Update Plan Cleaning process: Done
2023-06-02 10:39:32 SQL_rcv_customer_booking_table Insert to SQL process: Done
2023-06-02 10:39:32 Loading plan P5W3 adding Mauritius.xlsx_sheet_PF Reading process: Done
2023-06-02 10:39:33 sheet_PF Cleaning process: Done
2023-06-02 10:39:34 SQL_rcv_customer_invoice_table Insert to SQL process: Done
2023-06-02 10:39:34 Move file Loading plan P5W3 adding Mauritius.xlsx to ./mail/success Done
2023-06-02 10:39:34 Loading plan P6W1 UAE market.xlsx_sheet_Update Plan Reading process: Done
2023-06-02 10:39:34 sheet_Update Plan Cleaning process: Done
2023-06-02 10:39:34 SQL_rcv_customer_booking_table Insert to SQL process: Done
2023-06-02 10:39:35 Loading plan P6W1 UAE market.xlsx_sheet_PF Reading process: Done
2023-06-02 10:39:35 sheet_PF Cleaning process: Done
2023-06-02 10:39:35 SQL_rcv_customer_invoice_table Insert to SQL process: Done
2023-06-02 10:39:35 Move file Loading plan P6W1 UAE market.xlsx to ./mail/success Done
2023-06-02 10:39:36 Loading plan P6W1 USA market.xlsx_sheet_Update Plan Reading process: Done
2023-06-02 10:39:36 sheet_Update Plan Cleaning process: Done
2023-06-02 10:39:37 SQL_rcv_customer_booking_table Insert to SQL process: Done
2023-06-02 10:39:37 Loading plan P6W1 USA market.xlsx_sheet_PF Reading process: Done
2023-06-02 10:39:37 sheet_PF Cleaning process: Done
2023-06-02 10:39:37 SQL_rcv_customer_invoice_table Insert to SQL process: Done
2023-06-02 10:39:37 Move file Loading plan P6W1 USA market.xlsx to ./mail/success Done
2023-06-02 10:39:38 P6W1 Loading Plan.xlsx_sheet_Update Plan Reading process: Done
2023-06-02 10:39:38 sheet_Update Plan Cleaning process: Done
2023-06-02 10:39:39 SQL_rcv_customer_booking_table Insert to SQL process: Done
2023-06-02 10:39:39 P6W1 Loading Plan.xlsx_sheet_PF Reading process: Done
2023-06-02 10:39:39 sheet_PF Cleaning process: Done
2023-06-02 10:39:40 SQL_rcv_customer_invoice_table Insert to SQL process: Done
2023-06-02 10:39:40 Move file P6W1 Loading Plan.xlsx to ./mail/success Done
2023-06-02 10:39:40 customer_receive_process process end in 72.2895 seconds
