2023-05-14 17:11:42 customer_receive_process process start
2023-05-14 17:11:44 Read_email : Done
2023-05-14 17:11:44 ./Download Exploring process: Done
2023-05-14 17:11:44 ./Download Do not have any file to read
2023-05-14 17:11:44 customer_receive_process process end
2023-05-14 17:14:19 customer_receive_process process start
2023-05-14 17:14:20 Read_email : Done
2023-05-14 17:14:20 ./Download Exploring process: Done
2023-05-14 17:14:20 ./Download Do not have any file to read
2023-05-14 17:14:20 customer_receive_process process end
2023-05-14 17:14:46 customer_receive_process process start
2023-05-14 17:14:46 Read_email : Done
2023-05-14 17:14:46 ./Download Exploring process: Done
2023-05-14 17:14:46 ./Download Do not have any file to read
2023-05-14 17:14:46 customer_receive_process process end
2023-05-14 17:15:22 customer_receive_process process start
2023-05-14 17:15:22 Read_email : Done
2023-05-14 17:15:22 ./Download Exploring process: Done
2023-05-14 17:15:22 ./Download Do not have any file to read
2023-05-14 17:15:22 customer_receive_process process end
2023-05-14 17:16:48 customer_receive_process process start
2023-05-14 17:18:37 customer_receive_process process start
2023-05-14 17:20:27 customer_receive_process process start
2023-05-14 17:20:46 Read_email : Done
2023-05-14 17:20:47 ./Download Exploring process: Done
2023-05-14 17:23:54 customer_receive_process process start
2023-05-14 17:23:59 Read_email : Done
2023-05-14 17:24:00 ./Download Exploring process: Done
2023-05-14 21:11:20 customer_receive_process process start
2023-05-14 21:11:47 Read_email : Done
2023-05-14 21:16:39 customer_receive_process process start
2023-05-14 21:17:00 Read_email : Done
2023-05-14 21:17:01 ./Download Exploring process: Done
2023-05-14 21:17:01 2023-05-14_21-16-56_example_Loading_Plan_success.xlsx Create batch ID: Done
2023-05-14 21:17:02 2023-05-14_21-16-56_example_Loading_Plan_success.xlsx_sheet_Update Plan Reading process: Done
2023-05-14 21:17:02 sheet_Update Plan Cleaning process: Done
2023-05-14 21:17:02 Process_2023-05-14_21-16-56_example_Loading_Plan_success.xlsx_sheet_Update Plan Error: string indices must be integers, not 'str'
2023-05-14 21:17:03 Batch_no_4f53cc77-2af4-4354-89b4-38c19aab3ace Delete row process: Done
2023-05-14 21:17:03 Process_2023-05-14_21-16-56_example_Loading_Plan_success.xlsx_fail mave 2023-05-14_21-16-56_example_Loading_Plan_success.xlsx to fail folder
2023-05-14 21:17:03 2023-05-14_21-16-59_example_Loading_Plan_fail.xlsx Create batch ID: Done
2023-05-14 21:17:03 2023-05-14_21-16-59_example_Loading_Plan_fail.xlsx_sheet_Update Plan Reading process: Done
2023-05-14 21:17:03 sheet_Update Plan Cleaning process: Done
2023-05-14 21:17:03 Process_2023-05-14_21-16-59_example_Loading_Plan_fail.xlsx_sheet_Update Plan Error: string indices must be integers, not 'str'
2023-05-14 21:17:04 Batch_no_66fc4632-5412-4a8f-a1d0-2f40fc1048cc Delete row process: Done
2023-05-14 21:17:04 Process_2023-05-14_21-16-59_example_Loading_Plan_fail.xlsx_fail mave 2023-05-14_21-16-59_example_Loading_Plan_fail.xlsx to fail folder
2023-05-14 21:17:04 customer_receive_process process end
2023-05-14 21:19:42 customer_receive_process process start
2023-05-14 21:19:43 ./Download Exploring process: Done
2023-05-14 21:19:43 example_Loading_Plan_success.xlsx Create batch ID: Done
2023-05-14 21:19:44 example_Loading_Plan_success.xlsx_sheet_Update Plan Reading process: Done
2023-05-14 21:19:44 sheet_Update Plan Cleaning process: Done
2023-05-14 21:30:51 customer_receive_process process start
2023-05-14 21:30:52 ./Download Exploring process: Done
2023-05-14 21:30:52 example_Loading_Plan_success.xlsx Create batch ID: Done
2023-05-14 21:30:52 example_Loading_Plan_success.xlsx_sheet_Update Plan Reading process: Done
2023-05-14 21:30:52 sheet_Update Plan Cleaning process: Done
2023-05-14 21:30:52 Process_example_Loading_Plan_success.xlsx_sheet_Update Plan Error: name 'update_plan_col_df' is not defined
2023-05-14 21:30:53 Batch_no_331eac17-3070-46fa-a2b2-150efe86fcf0 Delete row process: Done
2023-05-14 21:30:53 Process_example_Loading_Plan_success.xlsx_fail mave example_Loading_Plan_success.xlsx to fail folder
2023-05-14 21:30:53 customer_receive_process process end
2023-05-14 21:32:02 customer_receive_process process start
2023-05-14 21:32:03 ./Download Exploring process: Done
2023-05-14 21:32:03 2023-05-14_21-16-56_example_Loading_Plan_success.xlsx Create batch ID: Done
2023-05-14 21:32:04 2023-05-14_21-16-56_example_Loading_Plan_success.xlsx_sheet_Update Plan Reading process: Done
2023-05-14 21:32:04 sheet_Update Plan Cleaning process: Done
2023-05-14 21:35:06 customer_receive_process process start
2023-05-14 21:35:12 Read_email : Done
2023-05-14 21:35:13 ./Download Exploring process: Done
2023-05-14 21:35:13 2023-05-14_21-16-56_example_Loading_Plan_success.xlsx Create batch ID: Done
2023-05-14 21:35:14 2023-05-14_21-16-56_example_Loading_Plan_success.xlsx_sheet_Update Plan Reading process: Done
2023-05-14 21:35:14 sheet_Update Plan Cleaning process: Done
2023-05-14 21:35:15 SQL_rcv_customer_booking_table Insert to SQL process: Done
2023-05-14 21:35:15 2023-05-14_21-16-56_example_Loading_Plan_success.xlsx_sheet_PF Reading process: Done
2023-05-14 21:35:15 sheet_PF Cleaning process: Done
2023-05-14 21:35:17 SQL_rcv_customer_invoice_table Insert to SQL process: Done
2023-05-14 21:35:17 Process_2023-05-14_21-16-56_example_Loading_Plan_success.xlsx_success move 2023-05-14_21-16-56_example_Loading_Plan_success.xlsx to success folder
2023-05-14 21:35:17 2023-05-14_21-35-11_example_Loading_Plan_fail.xlsx Create batch ID: Done
2023-05-14 21:35:17 2023-05-14_21-35-11_example_Loading_Plan_fail.xlsx_sheet_Update Plan Reading process: Done
2023-05-14 21:35:17 sheet_Update Plan Cleaning process: Done
2023-05-14 21:35:18 SQL_rcv_customer_booking_table Insert to SQL process: Done
2023-05-14 21:35:19 2023-05-14_21-35-11_example_Loading_Plan_fail.xlsx_sheet_PF Reading process: Done
2023-05-14 21:35:19 sheet_PF Cleaning process: Done
2023-05-14 21:35:19 Process_2023-05-14_21-35-11_example_Loading_Plan_fail.xlsx_sheet_PF Error: "['Material'] not in index"
2023-05-14 21:35:19 Batch_no_ab24f8e7-05f2-4ba5-b797-749d14c3866e Delete row process: Done
2023-05-14 21:35:19 Process_2023-05-14_21-35-11_example_Loading_Plan_fail.xlsx_fail mave 2023-05-14_21-35-11_example_Loading_Plan_fail.xlsx to fail folder
2023-05-14 21:35:20 2023-05-14_21-35-9_example_Loading_Plan_success.xlsx Create batch ID: Done
2023-05-14 21:35:20 2023-05-14_21-35-9_example_Loading_Plan_success.xlsx_sheet_Update Plan Reading process: Done
2023-05-14 21:35:20 sheet_Update Plan Cleaning process: Done
2023-05-14 21:35:21 SQL_rcv_customer_booking_table Insert to SQL process: Done
2023-05-14 21:35:21 2023-05-14_21-35-9_example_Loading_Plan_success.xlsx_sheet_PF Reading process: Done
2023-05-14 21:35:21 sheet_PF Cleaning process: Done
2023-05-14 21:35:23 SQL_rcv_customer_invoice_table Insert to SQL process: Done
2023-05-14 21:35:23 Process_2023-05-14_21-35-9_example_Loading_Plan_success.xlsx_success move 2023-05-14_21-35-9_example_Loading_Plan_success.xlsx to success folder
2023-05-14 21:35:23 customer_receive_process process end
2023-05-14 21:41:02 test test
