2023-05-15 09:34:05 customer_receive_process process start
2023-05-15 09:35:37 customer_receive_process process start
2023-05-15 09:35:44 Read_email : Done
2023-05-15 09:35:45 ./Download Exploring process: Done
2023-05-15 09:35:46 2023-05-15_9-35-39_example_Loading_Plan_success.xlsx Create batch ID: Done
2023-05-15 09:35:46 2023-05-15_9-35-39_example_Loading_Plan_success.xlsx_sheet_Update Plan Reading process: Done
2023-05-15 09:35:46 sheet_Update Plan Cleaning process: Done
2023-05-15 09:35:47 SQL_rcv_customer_booking_table Insert to SQL process: Done
2023-05-15 09:35:47 2023-05-15_9-35-39_example_Loading_Plan_success.xlsx_sheet_PF Reading process: Done
2023-05-15 09:35:47 sheet_PF Cleaning process: Done
2023-05-15 09:35:49 SQL_rcv_customer_invoice_table Insert to SQL process: Done
2023-05-15 09:35:49 Process_2023-05-15_9-35-39_example_Loading_Plan_success.xlsx_success move 2023-05-15_9-35-39_example_Loading_Plan_success.xlsx to success folder
2023-05-15 09:35:49 2023-05-15_9-35-43_example_Loading_Plan_fail.xlsx Create batch ID: Done
2023-05-15 09:35:49 2023-05-15_9-35-43_example_Loading_Plan_fail.xlsx_sheet_Update Plan Reading process: Done
2023-05-15 09:35:49 sheet_Update Plan Cleaning process: Done
2023-05-15 09:35:50 SQL_rcv_customer_booking_table Insert to SQL process: Done
2023-05-15 09:35:50 2023-05-15_9-35-43_example_Loading_Plan_fail.xlsx_sheet_PF Reading process: Done
2023-05-15 09:35:50 sheet_PF Cleaning process: Done
2023-05-15 09:35:50 Process_2023-05-15_9-35-43_example_Loading_Plan_fail.xlsx_sheet_PF Error: "['Material'] not in index"
2023-05-15 09:35:51 Batch_no_6f03eb7c-d4d6-4a5a-ac34-4d0736b00298 Delete row process: Done
2023-05-15 09:35:51 Process_2023-05-15_9-35-43_example_Loading_Plan_fail.xlsx_fail mave 2023-05-15_9-35-43_example_Loading_Plan_fail.xlsx to fail folder
2023-05-15 09:35:51 customer_receive_process process end
2023-05-15 09:39:28 customer_receive_process process start
2023-05-15 09:46:41 customer_receive_process process start
2023-05-15 11:34:48 customer_receive_process process start
2023-05-15 11:34:48 Read_email Error: 'user_code'
2023-05-15 11:34:48 ./Download Exploring process: Done
2023-05-15 11:34:48 ./Download Do not have any file to read
2023-05-15 11:34:48 customer_receive_process process end
2023-05-15 11:38:26 customer_receive_process process start
2023-05-15 11:50:28 customer_receive_process process start
2023-05-15 16:02:06 customer_receive_process process start
2023-05-15 16:03:15 Read_email : Done
2023-05-15 16:03:18 ./Download Exploring process: Done
