2023-05-17 13:09:14 customer_receive_process process start
2023-05-17 13:09:14 Read_email Error: get_access_token() missing 2 required positional arguments: 'client_secret' and 'scope'
2023-05-17 13:09:14 ./Download Exploring process: Excel file format cannot be determined, you must specify an engine manually.
2023-05-17 13:11:45 customer_receive_process process start
2023-05-17 13:11:46 Read_email Error: string indices must be integers, not 'str'
2023-05-17 13:11:46 ./Download Exploring process: Excel file format cannot be determined, you must specify an engine manually.
2023-05-17 13:12:10 customer_receive_process process start
2023-05-17 13:12:10 Read_email Error: string indices must be integers, not 'str'
2023-05-17 13:12:10 ./Download Exploring process: Excel file format cannot be determined, you must specify an engine manually.
2023-05-17 13:14:29 customer_receive_process process start
2023-05-17 13:15:22 customer_receive_process process start
2023-05-17 13:16:17 Read_email Error: {'error': {'code': 'ResourceNotFound', 'message': 'Invalid version: v1.0users', 'innerError': {'date': '2023-05-17T06:16:17', 'request-id': 'eae8b8be-0f76-452f-9c49-dbf76255f630', 'client-request-id': 'eae8b8be-0f76-452f-9c49-dbf76255f630'}}}
2023-05-17 13:16:17 ./Download Exploring process: Excel file format cannot be determined, you must specify an engine manually.
2023-05-17 13:16:51 customer_receive_process process start
2023-05-17 13:17:24 customer_receive_process process start
2023-05-17 13:22:12 customer_receive_process process start
2023-05-17 13:54:27 customer_receive_process process start
2023-05-17 13:54:53 Read_email Error: 'value'
2023-05-17 13:54:53 ./Download Exploring process: Excel file format cannot be determined, you must specify an engine manually.
2023-05-17 13:55:13 customer_receive_process process start
2023-05-17 13:57:32 customer_receive_process process start
2023-05-17 13:58:31 customer_receive_process process start
2023-05-17 14:00:24 customer_receive_process process start
2023-05-17 14:01:23 Read_email : Done
2023-05-17 14:01:23 ./Download Exploring process: Excel file format cannot be determined, you must specify an engine manually.
2023-05-17 14:02:19 customer_receive_process process start
2023-05-17 14:09:54 customer_receive_process process start
2023-05-17 14:10:05 Read_email Error: download_email_attachments() missing 1 required positional argument: 'save_folder'
2023-05-17 14:10:05 ./Download Exploring process: Excel file format cannot be determined, you must specify an engine manually.
2023-05-17 14:10:35 customer_receive_process process start
2023-05-17 14:12:28 customer_receive_process process start
2023-05-17 14:16:18 customer_receive_process process start
2023-05-17 14:16:54 Read_email : Done
2023-05-17 14:16:54 ./Download Exploring process: Excel file format cannot be determined, you must specify an engine manually.
2023-05-17 14:17:14 customer_receive_process process start
2023-05-17 14:17:15 Read_email : Done
2023-05-17 14:17:15 ./Download Exploring process: Excel file format cannot be determined, you must specify an engine manually.
2023-05-17 14:18:40 customer_receive_process process start
2023-05-17 14:18:41 Read_email : Done
2023-05-17 14:18:41 ./Download Exploring process: Excel file format cannot be determined, you must specify an engine manually.
2023-05-17 14:20:52 customer_receive_process process start
2023-05-17 14:20:53 Read_email : Done
2023-05-17 14:28:19 customer_receive_process process start
2023-05-17 14:28:31 Read_email : Done
2023-05-17 14:29:01 customer_receive_process process start
2023-05-17 14:29:03 Read_email : Done
2023-05-17 14:29:30 customer_receive_process process start
2023-05-17 14:29:31 Read_email : Done
2023-05-17 14:29:31 ./Download Exploring process: Excel file format cannot be determined, you must specify an engine manually.
2023-05-17 14:29:55 customer_receive_process process start
2023-05-17 14:29:56 Read_email : Done
2023-05-17 14:43:18 ./Download Exploring process: Excel file format cannot be determined, you must specify an engine manually.
2023-05-17 14:43:39 customer_receive_process process start
2023-05-17 14:43:40 Read_email : Done
2023-05-17 14:43:40 ./Download Exploring process: Done
2023-05-17 15:03:42 customer_receive_process process start
2023-05-17 15:03:47 Read_email : Done
2023-05-17 15:03:47 ./Download Exploring process: Done
2023-05-17 15:03:47 2023-05-17_15-3-45_Loading plan P6W1 UAE market.xlsx Create batch ID: Done
2023-05-17 15:03:48 2023-05-17_15-3-45_Loading plan P6W1 UAE market.xlsx_sheet_Update Plan Reading process: Done
2023-05-17 15:03:48 sheet_Update Plan Cleaning process: Done
2023-05-17 15:03:50 SQL_rcv_customer_booking_table Insert to SQL process: Done
2023-05-17 15:03:50 2023-05-17_15-3-45_Loading plan P6W1 UAE market.xlsx_sheet_PF Reading process: Done
2023-05-17 15:03:50 sheet_PF Cleaning process: Done
2023-05-17 15:03:50 Process_2023-05-17_15-3-45_Loading plan P6W1 UAE market.xlsx_sheet_PF Error: (pyodbc.DataError) ('22018', "[22018] [Microsoft][ODBC Driver 17 for SQL Server][SQL Server]Conversion failed when converting the varchar value '10.0' to data type int. (245) (SQLExecDirectW)")
[SQL: INSERT INTO rcv_customer_invoice (proforma_inv, order_no, purchase_country, item_no, product_group, product_raw_code, product_description_en, division_code, factory_code, qty, uom, net_weight, gross_weight, weight_unit, volume, volume_unit, exchange_ ... 6408 characters truncated ... ?, ?, ?), (?, ?, ?, ?, ?, ?, ?, ?, ?, ?, ?, ?, ?, ?, ?, ?, ?, ?, ?, ?, ?, ?, ?, ?, ?, ?, ?, ?, ?, ?)]
[parameters: ('8500082357.0', '7617853540.0', 'AE', '10.0', 'ZTAN', '10236651.0', 'WHI POC Ck&Tn6x1.1kg(HB)GCC2021', '51.0', 'TH14', '480.0', 'CS', '3168.0', '3598.08', 'KG', '13571.52', 'CD3', '1.0', '2023-05-17', '5299.2', '7807862157.0', None, '480.0', '1.0', UUID('64fa031a-7ff9-4b86-86c3-7f8a71c7aa41'), 'MARS', 'MARS PETCARE  (THAILAND) CO.,LTD.', '3011910382', '0001', '0', 'TH', '8500082357.0', '7617853540.0', 'AE', '20.0', 'ZTAN', '10236661.0', 'WHI Jnr OcFs 6x1.1kgGCC 2021', '51.0', 'TH14', '478.0', 'CS', '3154.8', '3441.6', 'KG', '13.384', 'M3', '1.0', '2023-05-17', '5281.9', '7807862157.0' ... 1970 parameters truncated ... 'CS', '180.0', '300.0', 'KG', '2.2', 'M3', '1.0', '2023-05-17', '822.0', '7807870435.0', None, '200.0', '1.0', UUID('64fa031a-7ff9-4b86-86c3-7f8a71c7aa41'), 'MARS', 'MARS PETCARE  (THAILAND) CO.,LTD.', '3011910382', '0001', '0', 'TH', '8500082372.0', '7617853611.0', 'AE', '30.0', 'ZTAN', '10246839.0', 'TEMP Savoury Salmon2x6x75g 2022', '51.0', 'TH14', '2100.0', 'CS', '1890.0', '3150.0', 'KG', '23.1', 'M3', '1.0', '2023-05-17', '8568.0', '7807870435.0', None, '2100.0', '1.0', UUID('64fa031a-7ff9-4b86-86c3-7f8a71c7aa41'), 'MARS', 'MARS PETCARE  (THAILAND) CO.,LTD.', '3011910382', '0001', '0', 'TH')]
(Background on this error at: https://sqlalche.me/e/20/9h9h)
2023-05-17 15:03:51 Batch_no_64fa031a-7ff9-4b86-86c3-7f8a71c7aa41 Delete row process: Done
2023-05-17 15:03:51 Process_2023-05-17_15-3-45_Loading plan P6W1 UAE market.xlsx_fail mave 2023-05-17_15-3-45_Loading plan P6W1 UAE market.xlsx to fail folder
2023-05-17 15:03:51 Loading plan P5W3 adding Mauritius.xlsx Create batch ID: Done
2023-05-17 15:03:51 Loading plan P5W3 adding Mauritius.xlsx_sheet_Update Plan Reading process: Done
2023-05-17 15:03:51 sheet_Update Plan Cleaning process: Done
2023-05-17 15:03:52 SQL_rcv_customer_booking_table Insert to SQL process: Done
2023-05-17 15:03:52 Loading plan P5W3 adding Mauritius.xlsx_sheet_PF Reading process: Done
2023-05-17 15:03:52 sheet_PF Cleaning process: Done
2023-05-17 15:03:54 SQL_rcv_customer_invoice_table Insert to SQL process: Done
2023-05-17 15:03:54 Process_Loading plan P5W3 adding Mauritius.xlsx_success move Loading plan P5W3 adding Mauritius.xlsx to success folder
2023-05-17 15:03:54 customer_receive_process process end
2023-05-17 15:13:52 customer_receive_process process start
2023-05-17 15:13:53 Read_email : Done
2023-05-17 15:13:53 ./Download Exploring process: Done
2023-05-17 15:13:53 Load plan P5W4 adding USA.xlsx Create batch ID: Done
2023-05-17 15:13:58 Load plan P5W4 adding USA.xlsx_sheet_Update Plan Reading process: Done
2023-05-17 15:13:58 sheet_Update Plan Cleaning process: Done
2023-05-17 15:14:44 Process_Load plan P5W4 adding USA.xlsx_sheet_Update Plan Error: "['container Return - Code', 'Total Case', 'Diff'] not in index"
2023-05-17 15:15:19 customer_receive_process process start
2023-05-17 15:15:21 Read_email : Done
2023-05-17 15:15:21 ./Download Exploring process: Done
2023-05-17 15:15:21 2023-05-17_15-3-45_Loading plan P6W1 UAE market.xlsx Create batch ID: Done
2023-05-17 15:15:22 2023-05-17_15-3-45_Loading plan P6W1 UAE market.xlsx_sheet_Update Plan Reading process: Done
2023-05-17 15:15:22 sheet_Update Plan Cleaning process: Done
2023-05-17 15:16:29 customer_receive_process process start
2023-05-17 15:16:30 Read_email : Done
2023-05-17 15:16:30 ./Download Exploring process: Done
2023-05-17 15:16:30 2023-05-17_15-3-45_Loading plan P6W1 UAE market.xlsx Create batch ID: Done
2023-05-17 15:16:31 2023-05-17_15-3-45_Loading plan P6W1 UAE market.xlsx_sheet_Update Plan Reading process: Done
2023-05-17 15:16:32 sheet_Update Plan Cleaning process: Done
2023-05-17 15:17:25 customer_receive_process process start
2023-05-17 15:17:26 Read_email : Done
2023-05-17 15:17:26 ./Download Exploring process: Done
2023-05-17 15:17:26 2023-05-17_15-3-45_Loading plan P6W1 UAE market.xlsx Create batch ID: Done
2023-05-17 15:17:27 2023-05-17_15-3-45_Loading plan P6W1 UAE market.xlsx_sheet_Update Plan Reading process: Done
2023-05-17 15:17:27 sheet_Update Plan Cleaning process: Done
2023-05-17 15:18:54 customer_receive_process process start
2023-05-17 15:18:55 Read_email : Done
2023-05-17 15:18:55 ./Download Exploring process: Done
2023-05-17 15:18:55 2023-05-17_15-3-45_Loading plan P6W1 UAE market.xlsx Create batch ID: Done
2023-05-17 15:18:57 2023-05-17_15-3-45_Loading plan P6W1 UAE market.xlsx_sheet_Update Plan Reading process: Done
2023-05-17 15:18:57 sheet_Update Plan Cleaning process: Done
2023-05-17 15:18:58 SQL_rcv_customer_booking_table Insert to SQL process: Done
2023-05-17 15:18:58 2023-05-17_15-3-45_Loading plan P6W1 UAE market.xlsx_sheet_PF Reading process: Done
2023-05-17 15:18:58 sheet_PF Cleaning process: Done
2023-05-17 15:18:59 Process_2023-05-17_15-3-45_Loading plan P6W1 UAE market.xlsx_sheet_PF Error: (pyodbc.DataError) ('22018', "[22018] [Microsoft][ODBC Driver 17 for SQL Server][SQL Server]Conversion failed when converting the varchar value '10.0' to data type int. (245) (SQLExecDirectW)")
[SQL: INSERT INTO rcv_customer_invoice (proforma_inv, order_no, purchase_country, item_no, product_group, product_raw_code, product_description_en, division_code, factory_code, qty, uom, net_weight, gross_weight, weight_unit, volume, volume_unit, exchange_ ... 6408 characters truncated ... ?, ?, ?), (?, ?, ?, ?, ?, ?, ?, ?, ?, ?, ?, ?, ?, ?, ?, ?, ?, ?, ?, ?, ?, ?, ?, ?, ?, ?, ?, ?, ?, ?)]
[parameters: ('8500082357.0', '7617853540.0', 'AE', '10.0', 'ZTAN', '10236651.0', 'WHI POC Ck&Tn6x1.1kg(HB)GCC2021', '51.0', 'TH14', '480.0', 'CS', '3168.0', '3598.08', 'KG', '13571.52', 'CD3', '1.0', '2023-05-17', '5299.2', '7807862157.0', None, '480.0', '1.0', UUID('5fbf9264-a588-4475-8b26-2a1dcf14c4db'), 'MARS', 'MARS PETCARE  (THAILAND) CO.,LTD.', '3011910382', '0001', '0', 'TH', '8500082357.0', '7617853540.0', 'AE', '20.0', 'ZTAN', '10236661.0', 'WHI Jnr OcFs 6x1.1kgGCC 2021', '51.0', 'TH14', '478.0', 'CS', '3154.8', '3441.6', 'KG', '13.384', 'M3', '1.0', '2023-05-17', '5281.9', '7807862157.0' ... 1970 parameters truncated ... 'CS', '180.0', '300.0', 'KG', '2.2', 'M3', '1.0', '2023-05-17', '822.0', '7807870435.0', None, '200.0', '1.0', UUID('5fbf9264-a588-4475-8b26-2a1dcf14c4db'), 'MARS', 'MARS PETCARE  (THAILAND) CO.,LTD.', '3011910382', '0001', '0', 'TH', '8500082372.0', '7617853611.0', 'AE', '30.0', 'ZTAN', '10246839.0', 'TEMP Savoury Salmon2x6x75g 2022', '51.0', 'TH14', '2100.0', 'CS', '1890.0', '3150.0', 'KG', '23.1', 'M3', '1.0', '2023-05-17', '8568.0', '7807870435.0', None, '2100.0', '1.0', UUID('5fbf9264-a588-4475-8b26-2a1dcf14c4db'), 'MARS', 'MARS PETCARE  (THAILAND) CO.,LTD.', '3011910382', '0001', '0', 'TH')]
(Background on this error at: https://sqlalche.me/e/20/9h9h)
2023-05-17 15:19:00 Batch_no_5fbf9264-a588-4475-8b26-2a1dcf14c4db Delete row process: Done
2023-05-17 15:19:00 Process_2023-05-17_15-3-45_Loading plan P6W1 UAE market.xlsx_fail mave 2023-05-17_15-3-45_Loading plan P6W1 UAE market.xlsx to fail folder
2023-05-17 15:19:00 customer_receive_process process end
2023-05-17 15:19:22 customer_receive_process process start
2023-05-17 15:19:23 Read_email : Done
2023-05-17 15:19:23 ./Download Exploring process: Done
2023-05-17 15:19:23 2023-05-17_15-3-45_Loading plan P6W1 UAE market.xlsx Create batch ID: Done
2023-05-17 15:19:25 2023-05-17_15-3-45_Loading plan P6W1 UAE market.xlsx_sheet_Update Plan Reading process: Done
2023-05-17 15:19:25 sheet_Update Plan Cleaning process: Done
2023-05-17 15:19:26 SQL_rcv_customer_booking_table Insert to SQL process: Done
2023-05-17 15:19:26 2023-05-17_15-3-45_Loading plan P6W1 UAE market.xlsx_sheet_PF Reading process: Done
2023-05-17 15:19:26 sheet_PF Cleaning process: Done
2023-05-17 15:23:44 Process_2023-05-17_15-3-45_Loading plan P6W1 UAE market.xlsx_sheet_PF Error: (pyodbc.DataError) ('22018', "[22018] [Microsoft][ODBC Driver 17 for SQL Server][SQL Server]Conversion failed when converting the varchar value '10.0' to data type int. (245) (SQLExecDirectW)")
[SQL: INSERT INTO rcv_customer_invoice (proforma_inv, order_no, purchase_country, item_no, product_group, product_raw_code, product_description_en, division_code, factory_code, qty, uom, net_weight, gross_weight, weight_unit, volume, volume_unit, exchange_ ... 6408 characters truncated ... ?, ?, ?), (?, ?, ?, ?, ?, ?, ?, ?, ?, ?, ?, ?, ?, ?, ?, ?, ?, ?, ?, ?, ?, ?, ?, ?, ?, ?, ?, ?, ?, ?)]
[parameters: ('8500082357.0', '7617853540.0', 'AE', '10.0', 'ZTAN', '10236651.0', 'WHI POC Ck&Tn6x1.1kg(HB)GCC2021', '51.0', 'TH14', '480.0', 'CS', '3168.0', '3598.08', 'KG', '13571.52', 'CD3', '1.0', '2023-05-17', '5299.2', '7807862157.0', None, '480.0', '1.0', UUID('810c07d4-8a42-4f05-b36f-8b0ac73e175f'), 'MARS', 'MARS PETCARE  (THAILAND) CO.,LTD.', '3011910382', '0001', '0', 'TH', '8500082357.0', '7617853540.0', 'AE', '20.0', 'ZTAN', '10236661.0', 'WHI Jnr OcFs 6x1.1kgGCC 2021', '51.0', 'TH14', '478.0', 'CS', '3154.8', '3441.6', 'KG', '13.384', 'M3', '1.0', '2023-05-17', '5281.9', '7807862157.0' ... 1970 parameters truncated ... 'CS', '180.0', '300.0', 'KG', '2.2', 'M3', '1.0', '2023-05-17', '822.0', '7807870435.0', None, '200.0', '1.0', UUID('810c07d4-8a42-4f05-b36f-8b0ac73e175f'), 'MARS', 'MARS PETCARE  (THAILAND) CO.,LTD.', '3011910382', '0001', '0', 'TH', '8500082372.0', '7617853611.0', 'AE', '30.0', 'ZTAN', '10246839.0', 'TEMP Savoury Salmon2x6x75g 2022', '51.0', 'TH14', '2100.0', 'CS', '1890.0', '3150.0', 'KG', '23.1', 'M3', '1.0', '2023-05-17', '8568.0', '7807870435.0', None, '2100.0', '1.0', UUID('810c07d4-8a42-4f05-b36f-8b0ac73e175f'), 'MARS', 'MARS PETCARE  (THAILAND) CO.,LTD.', '3011910382', '0001', '0', 'TH')]
(Background on this error at: https://sqlalche.me/e/20/9h9h)
2023-05-17 15:23:45 Batch_no_810c07d4-8a42-4f05-b36f-8b0ac73e175f Delete row process: Done
2023-05-17 15:23:45 Process_2023-05-17_15-3-45_Loading plan P6W1 UAE market.xlsx_fail mave 2023-05-17_15-3-45_Loading plan P6W1 UAE market.xlsx to fail folder
2023-05-17 15:23:45 customer_receive_process process end
2023-05-17 15:25:00 customer_receive_process process start
2023-05-17 15:25:02 Read_email : Done
2023-05-17 15:25:02 ./Download Exploring process: Done
2023-05-17 15:25:02 2023-05-17_15-3-45_Loading plan P6W1 UAE market.xlsx Create batch ID: Done
2023-05-17 15:25:03 2023-05-17_15-3-45_Loading plan P6W1 UAE market.xlsx_sheet_Update Plan Reading process: Done
2023-05-17 15:25:03 sheet_Update Plan Cleaning process: Done
2023-05-17 15:25:05 SQL_rcv_customer_booking_table Insert to SQL process: Done
2023-05-17 15:25:05 2023-05-17_15-3-45_Loading plan P6W1 UAE market.xlsx_sheet_PF Reading process: Done
2023-05-17 15:25:40 Process_2023-05-17_15-3-45_Loading plan P6W1 UAE market.xlsx_sheet_PF Error: invalid literal for int() with base 10: '10.0'
2023-05-17 15:25:41 Batch_no_199c2490-bcec-4ff2-b1b9-fe9dfe3ee0e9 Delete row process: Done
2023-05-17 15:25:41 Process_2023-05-17_15-3-45_Loading plan P6W1 UAE market.xlsx_fail mave 2023-05-17_15-3-45_Loading plan P6W1 UAE market.xlsx to fail folder
2023-05-17 15:25:41 customer_receive_process process end
2023-05-17 15:28:54 customer_receive_process process start
2023-05-17 15:28:55 Read_email : Done
2023-05-17 15:28:55 ./Download Exploring process: Done
2023-05-17 15:28:55 2023-05-17_15-3-45_Loading plan P6W1 UAE market.xlsx Create batch ID: Done
2023-05-17 15:28:57 2023-05-17_15-3-45_Loading plan P6W1 UAE market.xlsx_sheet_Update Plan Reading process: Done
2023-05-17 15:29:27 sheet_Update Plan Cleaning process: Done
2023-05-17 15:29:29 SQL_rcv_customer_booking_table Insert to SQL process: Done
2023-05-17 15:29:29 2023-05-17_15-3-45_Loading plan P6W1 UAE market.xlsx_sheet_PF Reading process: Done
2023-05-17 15:32:16 sheet_PF Cleaning process: Done
2023-05-17 15:32:19 Process_2023-05-17_15-3-45_Loading plan P6W1 UAE market.xlsx_sheet_PF Error: (pyodbc.DataError) ('22018', "[22018] [Microsoft][ODBC Driver 17 for SQL Server][SQL Server]Conversion failed when converting the varchar value '10.0' to data type int. (245) (SQLExecDirectW)")
[SQL: INSERT INTO rcv_customer_invoice (proforma_inv, order_no, purchase_country, item_no, product_group, product_raw_code, product_description_en, division_code, factory_code, qty, uom, net_weight, gross_weight, weight_unit, volume, volume_unit, exchange_ ... 6408 characters truncated ... ?, ?, ?), (?, ?, ?, ?, ?, ?, ?, ?, ?, ?, ?, ?, ?, ?, ?, ?, ?, ?, ?, ?, ?, ?, ?, ?, ?, ?, ?, ?, ?, ?)]
[parameters: ('8500082357.0', '7617853540.0', 'AE', '10.0', 'ZTAN', '10236651.0', 'WHI POC Ck&Tn6x1.1kg(HB)GCC2021', '51.0', 'TH14', '480.0', 'CS', '3168.0', '3598.08', 'KG', '13571.52', 'CD3', '1.0', '2023-05-17', '5299.2', '7807862157.0', None, '480.0', '1.0', UUID('bd6259c4-059d-4e4e-9e71-0ca7c217eb25'), 'MARS', 'MARS PETCARE  (THAILAND) CO.,LTD.', '3011910382', '0001', '0', 'TH', '8500082357.0', '7617853540.0', 'AE', '20.0', 'ZTAN', '10236661.0', 'WHI Jnr OcFs 6x1.1kgGCC 2021', '51.0', 'TH14', '478.0', 'CS', '3154.8', '3441.6', 'KG', '13.384', 'M3', '1.0', '2023-05-17', '5281.9', '7807862157.0' ... 1970 parameters truncated ... 'CS', '180.0', '300.0', 'KG', '2.2', 'M3', '1.0', '2023-05-17', '822.0', '7807870435.0', None, '200.0', '1.0', UUID('bd6259c4-059d-4e4e-9e71-0ca7c217eb25'), 'MARS', 'MARS PETCARE  (THAILAND) CO.,LTD.', '3011910382', '0001', '0', 'TH', '8500082372.0', '7617853611.0', 'AE', '30.0', 'ZTAN', '10246839.0', 'TEMP Savoury Salmon2x6x75g 2022', '51.0', 'TH14', '2100.0', 'CS', '1890.0', '3150.0', 'KG', '23.1', 'M3', '1.0', '2023-05-17', '8568.0', '7807870435.0', None, '2100.0', '1.0', UUID('bd6259c4-059d-4e4e-9e71-0ca7c217eb25'), 'MARS', 'MARS PETCARE  (THAILAND) CO.,LTD.', '3011910382', '0001', '0', 'TH')]
(Background on this error at: https://sqlalche.me/e/20/9h9h)
2023-05-17 15:32:20 Batch_no_bd6259c4-059d-4e4e-9e71-0ca7c217eb25 Delete row process: Done
2023-05-17 15:32:20 Process_2023-05-17_15-3-45_Loading plan P6W1 UAE market.xlsx_fail mave 2023-05-17_15-3-45_Loading plan P6W1 UAE market.xlsx to fail folder
2023-05-17 15:32:20 customer_receive_process process end
2023-05-17 15:32:43 customer_receive_process process start
2023-05-17 15:32:44 Read_email : Done
2023-05-17 15:32:44 ./Download Exploring process: Done
2023-05-17 15:32:44 2023-05-17_15-3-45_Loading plan P6W1 UAE market.xlsx Create batch ID: Done
2023-05-17 15:32:45 2023-05-17_15-3-45_Loading plan P6W1 UAE market.xlsx_sheet_Update Plan Reading process: Done
2023-05-17 15:32:45 sheet_Update Plan Cleaning process: Done
2023-05-17 15:32:46 SQL_rcv_customer_booking_table Insert to SQL process: Done
2023-05-17 15:32:46 2023-05-17_15-3-45_Loading plan P6W1 UAE market.xlsx_sheet_PF Reading process: Done
2023-05-17 15:32:46 sheet_PF Cleaning process: Done
2023-05-17 15:32:47 Process_2023-05-17_15-3-45_Loading plan P6W1 UAE market.xlsx_sheet_PF Error: (pyodbc.DataError) ('22018', "[22018] [Microsoft][ODBC Driver 17 for SQL Server][SQL Server]Conversion failed when converting the varchar value '1.0' to data type int. (245) (SQLExecDirectW)")
[SQL: INSERT INTO rcv_customer_invoice (proforma_inv, order_no, purchase_country, item_no, product_group, product_raw_code, product_description_en, division_code, factory_code, qty, uom, net_weight, gross_weight, weight_unit, volume, volume_unit, exchange_ ... 6408 characters truncated ... ?, ?, ?), (?, ?, ?, ?, ?, ?, ?, ?, ?, ?, ?, ?, ?, ?, ?, ?, ?, ?, ?, ?, ?, ?, ?, ?, ?, ?, ?, ?, ?, ?)]
[parameters: ('8500082357.0', '7617853540.0', 'AE', 10, 'ZTAN', '10236651.0', 'WHI POC Ck&Tn6x1.1kg(HB)GCC2021', '51.0', 'TH14', '480.0', 'CS', '3168.0', '3598.08', 'KG', '13571.52', 'CD3', '1.0', '2023-05-17', '5299.2', '7807862157.0', None, '480.0', '1.0', UUID('e48ffd9e-aab0-46ee-b83e-762e84e83c21'), 'MARS', 'MARS PETCARE  (THAILAND) CO.,LTD.', '3011910382', '0001', '0', 'TH', '8500082357.0', '7617853540.0', 'AE', 20, 'ZTAN', '10236661.0', 'WHI Jnr OcFs 6x1.1kgGCC 2021', '51.0', 'TH14', '478.0', 'CS', '3154.8', '3441.6', 'KG', '13.384', 'M3', '1.0', '2023-05-17', '5281.9', '7807862157.0' ... 1970 parameters truncated ... 'CS', '180.0', '300.0', 'KG', '2.2', 'M3', '1.0', '2023-05-17', '822.0', '7807870435.0', None, '200.0', '1.0', UUID('e48ffd9e-aab0-46ee-b83e-762e84e83c21'), 'MARS', 'MARS PETCARE  (THAILAND) CO.,LTD.', '3011910382', '0001', '0', 'TH', '8500082372.0', '7617853611.0', 'AE', 30, 'ZTAN', '10246839.0', 'TEMP Savoury Salmon2x6x75g 2022', '51.0', 'TH14', '2100.0', 'CS', '1890.0', '3150.0', 'KG', '23.1', 'M3', '1.0', '2023-05-17', '8568.0', '7807870435.0', None, '2100.0', '1.0', UUID('e48ffd9e-aab0-46ee-b83e-762e84e83c21'), 'MARS', 'MARS PETCARE  (THAILAND) CO.,LTD.', '3011910382', '0001', '0', 'TH')]
(Background on this error at: https://sqlalche.me/e/20/9h9h)
2023-05-17 15:32:48 Batch_no_e48ffd9e-aab0-46ee-b83e-762e84e83c21 Delete row process: Done
2023-05-17 15:32:48 Process_2023-05-17_15-3-45_Loading plan P6W1 UAE market.xlsx_fail mave 2023-05-17_15-3-45_Loading plan P6W1 UAE market.xlsx to fail folder
2023-05-17 15:32:48 customer_receive_process process end
2023-05-17 15:40:09 customer_receive_process process start
2023-05-17 15:40:09 ./Download Exploring process: Done
2023-05-17 15:40:09 Load plan P5W4 adding USA_edit1.xlsx Create batch ID: Done
2023-05-17 15:40:10 Load plan P5W4 adding USA_edit1.xlsx_sheet_Update Plan Reading process: Done
2023-05-17 15:40:10 sheet_Update Plan Cleaning process: Done
2023-05-17 15:40:12 SQL_rcv_customer_booking_table Insert to SQL process: Done
2023-05-17 15:40:12 Load plan P5W4 adding USA_edit1.xlsx_sheet_PF Reading process: Done
2023-05-17 15:40:12 sheet_PF Cleaning process: Done
2023-05-17 15:40:13 SQL_rcv_customer_invoice_table Insert to SQL process: Done
2023-05-17 15:40:13 Process_Load plan P5W4 adding USA_edit1.xlsx_success move Load plan P5W4 adding USA_edit1.xlsx to success folder
2023-05-17 15:40:13 Loading plan P5W3 adding Mauritius.xlsx Create batch ID: Done
2023-05-17 15:40:14 Loading plan P5W3 adding Mauritius.xlsx_sheet_Update Plan Reading process: Done
2023-05-17 15:40:14 sheet_Update Plan Cleaning process: Done
2023-05-17 15:40:15 SQL_rcv_customer_booking_table Insert to SQL process: Done
2023-05-17 15:40:15 Loading plan P5W3 adding Mauritius.xlsx_sheet_PF Reading process: Done
2023-05-17 15:40:15 sheet_PF Cleaning process: Done
2023-05-17 15:40:16 SQL_rcv_customer_invoice_table Insert to SQL process: Done
2023-05-17 15:40:16 Process_Loading plan P5W3 adding Mauritius.xlsx_success move Loading plan P5W3 adding Mauritius.xlsx to success folder
2023-05-17 15:40:17 customer_receive_process process end
2023-05-17 15:45:13 customer_receive_process process start
2023-05-17 15:45:13 ./Download Exploring process: Done
2023-05-17 15:45:13 Loading plan P6W1 UAE market.xlsx Create batch ID: Done
2023-05-17 15:45:13 Loading plan P6W1 UAE market.xlsx_sheet_Update Plan Reading process: Done
2023-05-17 15:45:13 sheet_Update Plan Cleaning process: Done
2023-05-17 15:45:15 SQL_rcv_customer_booking_table Insert to SQL process: Done
2023-05-17 15:45:15 Loading plan P6W1 UAE market.xlsx_sheet_PF Reading process: Done
2023-05-17 15:45:15 sheet_PF Cleaning process: Done
2023-05-17 15:45:15 SQL_rcv_customer_invoice_table Insert to SQL process: Done
2023-05-17 15:45:15 Process_Loading plan P6W1 UAE market.xlsx_success move Loading plan P6W1 UAE market.xlsx to success folder
2023-05-17 15:45:15 Loading plan P6W1 USA market.xlsx Create batch ID: Done
2023-05-17 15:45:16 Loading plan P6W1 USA market.xlsx_sheet_Update Plan Reading process: Done
2023-05-17 15:45:16 sheet_Update Plan Cleaning process: Done
2023-05-17 15:45:16 Process_Loading plan P6W1 USA market.xlsx_sheet_Update Plan Error: "['container Return - Code', 'Total Case', 'Diff'] not in index"
2023-05-17 15:45:17 Batch_no_2f1135c4-5f74-47bf-865e-bb02757e3afa Delete row process: Done
2023-05-17 15:45:17 Process_Loading plan P6W1 USA market.xlsx_fail mave Loading plan P6W1 USA market.xlsx to fail folder
2023-05-17 15:45:17 P6W1 Loading Plan.xlsx Create batch ID: Done
2023-05-17 15:45:18 P6W1 Loading Plan.xlsx_sheet_Update Plan Reading process: Done
2023-05-17 15:45:18 sheet_Update Plan Cleaning process: Done
2023-05-17 15:45:18 Process_P6W1 Loading Plan.xlsx_sheet_Update Plan Error: "['container Return - Code', 'Total Case', 'Diff'] not in index"
2023-05-17 15:45:19 Batch_no_e82141a3-0d87-4e87-9bb9-e027862eb9f6 Delete row process: Done
2023-05-17 15:45:19 Process_P6W1 Loading Plan.xlsx_fail mave P6W1 Loading Plan.xlsx to fail folder
2023-05-17 15:45:19 customer_receive_process process end
2023-05-17 17:34:38 Loading plan P5W3 adding Mauritius.xlsx_sheet_Update Plan Reading process: Done
2023-05-17 17:34:39 Loading plan P5W3 adding Mauritius.xlsx_sheet_PF Reading process: Done
2023-05-17 17:40:31 Loading plan P5W3 adding Mauritius.xlsx_sheet_Update Plan Reading process: Done
2023-05-17 17:40:31 Loading plan P5W3 adding Mauritius.xlsx_sheet_PF Reading process: Done
2023-05-17 17:40:31 sheet_Update Plan Cleaning process: Done
2023-05-17 17:40:31 sheet_Sales Doc. Cleaning process: Done
2023-05-17 17:41:18 Loading plan P5W3 adding Mauritius.xlsx_sheet_Update Plan Reading process: Done
2023-05-17 17:41:19 Loading plan P5W3 adding Mauritius.xlsx_sheet_PF Reading process: Done
2023-05-17 17:41:19 sheet_Update Plan Cleaning process: Done
2023-05-17 17:41:19 sheet_Sales Doc. Cleaning process: Done
2023-05-17 17:41:59 Loading plan P5W3 adding Mauritius.xlsx_sheet_Update Plan Reading process: Done
2023-05-17 17:41:59 Loading plan P5W3 adding Mauritius.xlsx_sheet_PF Reading process: Done
2023-05-17 17:42:00 sheet_Update Plan Cleaning process: Done
2023-05-17 17:42:00 sheet_Sales Doc. Cleaning process: Done
2023-05-17 19:58:59 Loading plan P5W3 adding Mauritius.xlsx_sheet_Update Plan Reading process: Done
2023-05-17 19:59:00 Loading plan P5W3 adding Mauritius.xlsx_sheet_PF Reading process: Done
2023-05-17 19:59:00 sheet_Update Plan Cleaning process: Done
2023-05-17 19:59:00 sheet_Sales Doc. Cleaning process: Done
2023-05-17 19:59:04 Load plan P5W4 adding USA.xlsx_sheet_Update Plan Reading process: Done
2023-05-17 19:59:05 Load plan P5W4 adding USA.xlsx_sheet_PF Reading process: Done
2023-05-17 19:59:05 sheet_Update Plan Cleaning process: Done
2023-05-17 19:59:05 sheet_Sales Doc. Cleaning process: Done
2023-05-17 20:22:57 Loading plan P5W3 adding Mauritius.xlsx_sheet_Update Plan Reading process: Done
2023-05-17 20:22:58 Loading plan P5W3 adding Mauritius.xlsx_sheet_PF Reading process: Done
2023-05-17 20:22:58 sheet_Update Plan Cleaning process: Done
2023-05-17 20:22:58 sheet_Sales Doc. Cleaning process: Done
2023-05-17 20:23:02 Load plan P5W4 adding USA.xlsx_sheet_Update Plan Reading process: Done
2023-05-17 20:23:02 Load plan P5W4 adding USA.xlsx_sheet_PF Reading process: Done
2023-05-17 20:23:02 sheet_Period Cleaning process: Done
2023-05-17 20:23:02 sheet_Sales Doc. Cleaning process: Done
2023-05-17 20:29:01 Loading plan P5W3 adding Mauritius.xlsx_sheet_Update Plan Reading process: Done
2023-05-17 20:29:02 Loading plan P5W3 adding Mauritius.xlsx_sheet_PF Reading process: Done
2023-05-17 20:29:02 sheet_Update Plan Cleaning process: Done
2023-05-17 20:29:02 sheet_Sales Doc. Cleaning process: Done
2023-05-17 20:29:06 Load plan P5W4 adding USA.xlsx_sheet_Update Plan Reading process: Done
2023-05-17 20:29:06 Load plan P5W4 adding USA.xlsx_sheet_PF Reading process: Done
2023-05-17 20:29:07 sheet_Period Cleaning process: Done
2023-05-17 20:29:07 sheet_Sales Doc. Cleaning process: Done
2023-05-17 20:33:50 Loading plan P5W3 adding Mauritius.xlsx_sheet_Update Plan Reading process: Done
2023-05-17 20:33:50 Loading plan P5W3 adding Mauritius.xlsx_sheet_PF Reading process: Done
2023-05-17 20:33:50 sheet_Update Plan Cleaning process: Done
2023-05-17 20:33:50 sheet_Sales Doc. Cleaning process: Done
2023-05-17 20:33:54 Load plan P5W4 adding USA.xlsx_sheet_Update Plan Reading process: Done
2023-05-17 20:33:55 Load plan P5W4 adding USA.xlsx_sheet_PF Reading process: Done
2023-05-17 20:33:55 sheet_Period Cleaning process: Done
2023-05-17 20:33:55 sheet_Sales Doc. Cleaning process: Done
2023-05-17 20:34:17 Loading plan P5W3 adding Mauritius.xlsx_sheet_Update Plan Reading process: Done
2023-05-17 20:34:18 Loading plan P5W3 adding Mauritius.xlsx_sheet_PF Reading process: Done
2023-05-17 20:34:18 sheet_Update Plan Cleaning process: Done
2023-05-17 20:34:18 sheet_Sales Doc. Cleaning process: Done
2023-05-17 20:34:22 Load plan P5W4 adding USA.xlsx_sheet_Update Plan Reading process: Done
2023-05-17 20:34:22 Load plan P5W4 adding USA.xlsx_sheet_PF Reading process: Done
2023-05-17 20:34:22 sheet_Period Cleaning process: Done
2023-05-17 20:34:22 sheet_Sales Doc. Cleaning process: Done
2023-05-17 20:37:13 Loading plan P5W3 adding Mauritius.xlsx_sheet_Update Plan Reading process: Done
2023-05-17 20:37:14 Loading plan P5W3 adding Mauritius.xlsx_sheet_PF Reading process: Done
2023-05-17 20:37:14 sheet_Update Plan Cleaning process: Done
2023-05-17 20:37:14 sheet_Sales Doc. Cleaning process: Done
2023-05-17 20:37:15 Load plan P5W4 adding USA.xlsx_sheet_Update Plan Reading process: Done
2023-05-17 20:37:15 Load plan P5W4 adding USA.xlsx_sheet_PF Reading process: Done
2023-05-17 20:37:15 sheet_Period Cleaning process: Done
2023-05-17 20:37:15 sheet_Sales Doc. Cleaning process: Done
2023-05-17 20:39:18 Loading plan P5W3 adding Mauritius.xlsx_sheet_Update Plan Reading process: Done
2023-05-17 20:39:19 Loading plan P5W3 adding Mauritius.xlsx_sheet_PF Reading process: Done
2023-05-17 20:39:19 sheet_Update Plan Cleaning process: Done
2023-05-17 20:39:19 sheet_Sales Doc. Cleaning process: Done
2023-05-17 20:39:19 Load plan P5W4 adding USA.xlsx_sheet_Update Plan Reading process: Done
2023-05-17 20:39:19 Load plan P5W4 adding USA.xlsx_sheet_PF Reading process: Done
2023-05-17 20:39:19 sheet_Period Cleaning process: Done
2023-05-17 20:39:19 sheet_Sales Doc. Cleaning process: Done
2023-05-17 20:41:17 Loading plan P5W3 adding Mauritius.xlsx_sheet_Update Plan Reading process: Done
2023-05-17 20:41:18 Loading plan P5W3 adding Mauritius.xlsx_sheet_PF Reading process: Done
2023-05-17 20:41:18 sheet_Update Plan Cleaning process: Done
2023-05-17 20:41:18 sheet_Sales Doc. Cleaning process: Done
2023-05-17 20:41:22 Load plan P5W4 adding USA.xlsx_sheet_Update Plan Reading process: Done
2023-05-17 20:41:22 Load plan P5W4 adding USA.xlsx_sheet_PF Reading process: Done
2023-05-17 20:41:22 sheet_Period Cleaning process: Done
2023-05-17 20:41:22 sheet_Sales Doc. Cleaning process: Done
2023-05-17 20:51:15 Loading plan P5W3 adding Mauritius.xlsx_sheet_Update Plan Reading process: Done
2023-05-17 20:51:16 Loading plan P5W3 adding Mauritius.xlsx_sheet_PF Reading process: Done
2023-05-17 20:51:16 sheet_Update Plan Cleaning process: Done
2023-05-17 20:51:16 sheet_Sales Doc. Cleaning process: Done
2023-05-17 20:51:17 Load plan P5W4 adding USA.xlsx_sheet_Update Plan Reading process: Done
2023-05-17 20:51:17 Load plan P5W4 adding USA.xlsx_sheet_PF Reading process: Done
2023-05-17 20:51:17 sheet_Period Cleaning process: Done
2023-05-17 20:51:17 sheet_Sales Doc. Cleaning process: Done
