2023-05-24 09:59:39 customer_receive_process process start
2023-05-24 09:59:59 download_attachment Done
2023-05-24 09:59:59 ./mail Exploring process: Done
2023-05-24 10:00:01 2023-05-24_9-59-47_Loading plan P6W1 (3).xlsx_sheet_Update Plan Reading process: Done
2023-05-24 10:00:01 sheet_Update Plan Cleaning process: Done
2023-05-24 10:00:02 SQL_rcv_customer_booking_table Insert to SQL process: Done
2023-05-24 10:00:03 2023-05-24_9-59-47_Loading plan P6W1 (3).xlsx_sheet_PF Reading process: Done
2023-05-24 10:00:03 sheet_PF Cleaning process: Done
2023-05-24 10:00:05 SQL_rcv_customer_invoice_table Insert to SQL process: Done
2023-05-24 10:00:05 Move file 2023-05-24_9-59-47_Loading plan P6W1 (3).xlsx to ./mail/success Done
2023-05-24 10:00:06 2023-05-24_9-59-57_P6W1 Loading Plan (1).xlsx_sheet_Update Plan Reading process: Done
2023-05-24 10:00:06 sheet_Update Plan Cleaning process: Done
2023-05-24 10:00:06 SQL_rcv_customer_booking_table Insert to SQL process: Done
2023-05-24 10:00:07 2023-05-24_9-59-57_P6W1 Loading Plan (1).xlsx_sheet_PF Reading process: Done
2023-05-24 10:00:07 sheet_PF Cleaning process: Done
2023-05-24 10:00:08 SQL_rcv_customer_invoice_table Insert to SQL process: Done
2023-05-24 10:00:08 Move file 2023-05-24_9-59-57_P6W1 Loading Plan (1).xlsx to ./mail/success Done
2023-05-24 10:00:08 customer_receive_process process end in 29.7679 seconds
2023-05-24 13:13:59 customer_receive_process process start
2023-05-24 13:14:04 download_attachment Done
2023-05-24 13:14:04 ./mail Exploring process: Done
2023-05-24 13:14:06 2023-05-24_13-14-2_P6W2 Loading Plan.xlsx_sheet_Update Plan Reading process: Done
2023-05-24 13:14:06 sheet_Update Plan Cleaning process: Done
2023-05-24 13:14:07 SQL_rcv_customer_booking_table Insert to SQL process: Done
2023-05-24 13:14:08 2023-05-24_13-14-2_P6W2 Loading Plan.xlsx_sheet_PF Reading process: Done
2023-05-24 13:14:08 sheet_PF Cleaning process: Done
2023-05-24 13:14:09 SQL_rcv_customer_invoice_table Insert to SQL process: Done
2023-05-24 13:14:09 Move file 2023-05-24_13-14-2_P6W2 Loading Plan.xlsx to ./mail/success Done
2023-05-24 13:14:09 customer_receive_process process end in 10.0232 seconds
2023-05-24 17:58:18 customer_receive_process process start
2023-05-24 17:58:37 download_attachment Done
2023-05-24 17:58:37 ./mail Exploring process: Done
2023-05-24 17:58:40 2023-05-24_17-58-27_P6W2 Loading Plan (1).xlsx_sheet_Update Plan Reading process: Done
2023-05-24 17:58:40 sheet_Update Plan Cleaning process: Done
2023-05-24 17:58:41 SQL_rcv_customer_booking_table Insert to SQL process: Done
2023-05-24 17:58:41 2023-05-24_17-58-27_P6W2 Loading Plan (1).xlsx_sheet_PF Reading process: Done
2023-05-24 17:58:41 sheet_PF Cleaning process: Done
2023-05-24 17:58:42 SQL_rcv_customer_invoice_table Insert to SQL process: Done
2023-05-24 17:58:43 Move file 2023-05-24_17-58-27_P6W2 Loading Plan (1).xlsx to ./mail/success Done
2023-05-24 17:58:43 2023-05-24_17-58-36_Loading plan P6W2.xlsx_sheet_Update Plan Reading process: Done
2023-05-24 17:58:43 sheet_Update Plan Cleaning process: Done
2023-05-24 17:58:43 SQL_rcv_customer_booking_table Insert to SQL process: Done
2023-05-24 17:58:43 2023-05-24_17-58-36_Loading plan P6W2.xlsx_sheet_PF Reading process: Done
2023-05-24 17:58:43 sheet_PF Cleaning process: Done
2023-05-24 17:58:44 SQL_rcv_customer_invoice_table Insert to SQL process: Done
2023-05-24 17:58:44 Move file 2023-05-24_17-58-36_Loading plan P6W2.xlsx to ./mail/success Done
2023-05-24 17:58:44 customer_receive_process process end in 26.1633 seconds
